2013-01-15 00:29:12.343+0000: --- INITIALIZED diagnostics START ---
2013-01-15 00:29:12.353+0000: Neo4j Kernel properties:
    neostore.propertystore.db.mapped_memory=839M
    neostore.nodestore.db.mapped_memory=233M
    neostore.relationshipstore.db.mapped_memory=1028M
    neostore.propertystore.db.strings.mapped_memory=713M
    store_dir=./data
    keep_logical_logs=1M size
    neostore.propertystore.db.arrays.mapped_memory=809M
2013-01-15 00:29:12.357+0000: Diagnostics providers:
    org.neo4j.kernel.configuration.Config
    org.neo4j.kernel.info.DiagnosticsManager
    SYSTEM_MEMORY
    JAVA_MEMORY
    OPERATING_SYSTEM
    JAVA_VIRTUAL_MACHINE
    CLASSPATH
    LIBRARY_PATH
    SYSTEM_PROPERTIES
    NETWORK
2013-01-15 00:29:12.358+0000: System memory information:
    Total Physical memory: 8.00 GB
    Free Physical memory: 3.46 GB
    Committed virtual memory: 2.68 GB
    Total swap space: 64.00 MB
    Free swap space: 64.00 MB
2013-01-15 00:29:12.366+0000: JVM memory information:
    Free  memory: 71.61 MB
    Total memory: 81.06 MB
    Max   memory: 123.94 MB
    Garbage Collector: ParNew: [Par Eden Space, Par Survivor Space]
    Garbage Collector: ConcurrentMarkSweep: [Par Eden Space, Par Survivor Space, CMS Old Gen, CMS Perm Gen]
    Memory Pool: Code Cache (Non-heap memory): committed=2.44 MB, used=475.63 kB, max=48.00 MB, threshold=0.00 B
    Memory Pool: Par Eden Space (Heap memory): committed=16.63 MB, used=9.46 MB, max=16.63 MB, threshold=?
    Memory Pool: Par Survivor Space (Heap memory): committed=2.06 MB, used=0.00 B, max=2.06 MB, threshold=?
    Memory Pool: CMS Old Gen (Heap memory): committed=62.38 MB, used=0.00 B, max=105.25 MB, threshold=0.00 B
    Memory Pool: CMS Perm Gen (Non-heap memory): committed=20.75 MB, used=8.49 MB, max=82.00 MB, threshold=0.00 B
2013-01-15 00:29:12.374+0000: Operating system information:
    Operating System: Mac OS X; version: 10.7.5; arch: x86_64; cpus: 2
    Max number of file descriptors: 10240
    Number of open file descriptors: 32
    Process id: 3228@yellow.local
    Byte order: LITTLE_ENDIAN
    Local timezone: America/Los_Angeles
2013-01-15 00:29:12.385+0000: JVM information:
    VM Name: Java HotSpot(TM) 64-Bit Server VM
    VM Vendor: Apple Inc.
    VM Version: 20.12-b01-434
    JIT compiler: HotSpot 64-Bit Tiered Compilers
    VM Arguments: []
2013-01-15 00:29:12.387+0000: Java classpath:
     [bootstrap] /System/Library/Java/JavaVirtualMachines/1.6.0.jdk/Contents/Classes/charsets.jar
     [bootstrap] /System/Library/Java/JavaVirtualMachines/1.6.0.jdk/Contents/Classes/sunrsasign.jar
     [bootstrap] /System/Library/Frameworks/JavaVM.framework/Versions/A/Frameworks/JavaRuntimeSupport.framework/Versions/A/Resources/Java/JavaRuntimeSupport.jar
     [loader.1] file:/System/Library/Java/Extensions/dns_sd.jar
     [loader.1] file:/System/Library/Java/Extensions/j3dutils.jar
     [loader.1] file:/System/Library/Java/Extensions/MRJToolkit.jar
     [loader.1] file:/System/Library/Java/Extensions/jai_core.jar
     [loader.1] file:/System/Library/Java/Extensions/vecmath.jar
     [loader.1] file:/System/Library/Java/Extensions/libmlib_jai.jnilib
     [loader.1] file:/System/Library/Java/Extensions/jai_codec.jar
     [loader.1] file:/System/Library/Java/JavaVirtualMachines/1.6.0.jdk/Contents/Home/lib/ext/dnsns.jar
     [loader.1] file:/System/Library/Java/JavaVirtualMachines/1.6.0.jdk/Contents/Home/lib/ext/sunjce_provider.jar
     [bootstrap] /System/Library/Java/JavaVirtualMachines/1.6.0.jdk/Contents/Classes/laf.jar
     [loader.1] file:/Library/Java/Extensions/mysql-connector-java-3.0.7-stable-bin.jar
     [loader.1] file:/System/Library/Java/Extensions/libJ3D.jnilib
     [loader.1] file:/System/Library/Java/Extensions/mlibwrapper_jai.jar
     [bootstrap] /System/Library/Java/JavaVirtualMachines/1.6.0.jdk/Contents/Classes/classes.jar
     [loader.1] file:/System/Library/Java/JavaVirtualMachines/1.6.0.jdk/Contents/Home/lib/ext/localedata.jar
     [loader.1] file:/System/Library/Java/Extensions/QTJava.zip
     [bootstrap] /System/Library/Java/JavaVirtualMachines/1.6.0.jdk/Contents/Home/lib/jce.jar
     [bootstrap] /System/Library/Java/JavaVirtualMachines/1.6.0.jdk/Contents/Classes/jsse.jar
     [classpath + loader.0] file:/Volumes/Data/Users/jorrit/dev/trophic/trophic-graph/target/trophic-graph-1.0-SNAPSHOT-all.jar
     [bootstrap] /System/Library/Java/JavaVirtualMachines/1.6.0.jdk/Contents/Classes/ui.jar
     [loader.1] file:/System/Library/Java/Extensions/libAppleScriptEngine.jnilib
     [loader.1] file:/System/Library/Java/Extensions/libJ3DAudio.jnilib
     [loader.1] file:/System/Library/Java/Extensions/AppleScriptEngine.jar
     [loader.1] file:/System/Library/Java/Extensions/j3daudio.jar
     [loader.1] file:/Volumes/Data/Users/jorrit/Library/Java/Extensions/libJNPRAuthKit.jnilib
     [loader.1] file:/System/Library/Java/Extensions/libJ3DUtils.jnilib
     [loader.1] file:/System/Library/Java/JavaVirtualMachines/1.6.0.jdk/Contents/Home/lib/ext/apple_provider.jar
     [bootstrap] /System/Library/Java/JavaVirtualMachines/1.6.0.jdk/Contents/Classes/jsfd.jar
     [loader.1] file:/System/Library/Java/Extensions/libQTJNative.jnilib
     [loader.1] file:/System/Library/Java/Extensions/j3dcore.jar
     [loader.1] file:/System/Library/Java/JavaVirtualMachines/1.6.0.jdk/Contents/Home/lib/ext/sunpkcs11.jar
2013-01-15 00:29:12.390+0000: Library path:
    /Volumes/Data/Users/jorrit/dev/trophic/trophic-graph/target
    /Volumes/Data/Users/jorrit/Library/Java/Extensions
    /Library/Java/Extensions
    /System/Library/Java/Extensions
    /usr/lib/java
2013-01-15 00:29:12.390+0000: System.properties:
    sun.boot.library.path = /System/Library/Java/JavaVirtualMachines/1.6.0.jdk/Contents/Libraries
    awt.nativeDoubleBuffering = true
    gopherProxySet = false
    mrj.build = 11M3909
    path.separator = :
    file.encoding.pkg = sun.io
    sun.java.launcher = SUN_STANDARD
    user.country = US
    sun.os.patch.level = unknown
    user.dir = /Volumes/Data/Users/jorrit/dev/trophic/trophic-graph/target
    sun.jnu.encoding = MacRoman
    sun.management.compiler = HotSpot 64-Bit Tiered Compilers
    http.nonProxyHosts = local|*.local|169.254/16|*.169.254/16
    user.home = /Volumes/Data/Users/jorrit
    user.timezone = America/Los_Angeles
    file.encoding = MacRoman
    user.name = jorrit
    sun.java.command = trophic-graph-1.0-SNAPSHOT-all.jar -Xmx2G
    sun.arch.data.model = 64
    user.language = en
    awt.toolkit = apple.awt.CToolkit
    file.separator = /
    sun.io.unicode.encoding = UnicodeLittle
    sun.cpu.endian = little
    mrj.version = 1070.1.6.0_37-434
    socksNonProxyHosts = local|*.local|169.254/16|*.169.254/16
    ftp.nonProxyHosts = local|*.local|169.254/16|*.169.254/16
    sun.cpu.isalist = 
2013-01-15 00:29:12.392+0000: Network information:
    Interface en1:
        address: fe80:0:0:0:223:6cff:fe82:c01b%5
        address: 10.0.1.60
    Interface lo0:
        address: 0:0:0:0:0:0:0:1
        address: fe80:0:0:0:0:0:0:1%1
        address: 127.0.0.1
2013-01-15 00:29:12.395+0000: --- INITIALIZED diagnostics END ---
2013-01-15 00:29:12.407+0000: Creating new db @ ./data/neostore
2013-01-15 00:29:12.445+0000: [./data/neostore.nodestore.db] brickCount=0 brickSize=2443176b mappedMem=244318208b (storeSize=0b)
2013-01-15 00:29:12.451+0000: ./data/neostore.nodestore.db hit=1 miss=0 switches=0 ooe=0
2013-01-15 00:29:12.466+0000: [./data/neostore.relationshiptypestore.db.names] brickCount=0 brickSize=0b mappedMem=0b (storeSize=38b)
2013-01-15 00:29:12.470+0000: [./data/neostore.relationshiptypestore.db] brickCount=0 brickSize=0b mappedMem=0b (storeSize=0b)
2013-01-15 00:29:12.471+0000: ./data/neostore.relationshiptypestore.db.names hit=0 miss=0 switches=0 ooe=0
2013-01-15 00:29:12.471+0000: ./data/neostore.relationshiptypestore.db hit=0 miss=0 switches=0 ooe=0
2013-01-15 00:29:12.475+0000: [./data/neostore.relationshiptypestore.db.names] brickCount=0 brickSize=0b mappedMem=0b (storeSize=38b)
2013-01-15 00:29:12.475+0000: [./data/neostore.relationshiptypestore.db] brickCount=0 brickSize=0b mappedMem=0b (storeSize=0b)
2013-01-15 00:29:12.476+0000: [./data/neostore.propertystore.db.strings] brickCount=0 brickSize=747520b mappedMem=747634688b (storeSize=128b)
2013-01-15 00:29:12.477+0000: [./data/neostore.propertystore.db.index.keys] brickCount=0 brickSize=0b mappedMem=0b (storeSize=38b)
2013-01-15 00:29:12.480+0000: [./data/neostore.propertystore.db.index] brickCount=0 brickSize=0b mappedMem=0b (storeSize=0b)
2013-01-15 00:29:12.482+0000: [./data/neostore.propertystore.db.arrays] brickCount=0 brickSize=848256b mappedMem=848297984b (storeSize=128b)
2013-01-15 00:29:12.486+0000: [./data/neostore.propertystore.db] brickCount=0 brickSize=8797534b mappedMem=879755264b (storeSize=0b)
2013-01-15 00:29:12.488+0000: [./data/neostore.relationshipstore.db] brickCount=0 brickSize=10779351b mappedMem=1077936128b (storeSize=0b)
2013-01-15 00:29:12.489+0000: [./data/neostore.nodestore.db] brickCount=0 brickSize=244314b mappedMem=244318208b (storeSize=9b)
2013-01-15 00:29:12.490+0000: [./data/neostore] brickCount=0 brickSize=0b mappedMem=0b (storeSize=0b)
2013-01-15 00:29:12.495+0000: ./data/neostore.relationshiptypestore.db.names hit=0 miss=0 switches=0 ooe=0
2013-01-15 00:29:12.496+0000: ./data/neostore.relationshiptypestore.db hit=0 miss=0 switches=0 ooe=0
2013-01-15 00:29:12.497+0000: ./data/neostore.propertystore.db.strings hit=0 miss=0 switches=0 ooe=0
2013-01-15 00:29:12.498+0000: ./data/neostore.propertystore.db.index.keys hit=0 miss=0 switches=0 ooe=0
2013-01-15 00:29:12.499+0000: ./data/neostore.propertystore.db.index hit=0 miss=0 switches=0 ooe=0
2013-01-15 00:29:12.499+0000: ./data/neostore.propertystore.db.arrays hit=0 miss=0 switches=0 ooe=0
2013-01-15 00:29:12.501+0000: ./data/neostore.propertystore.db hit=0 miss=0 switches=0 ooe=0
2013-01-15 00:29:12.502+0000: ./data/neostore.relationshipstore.db hit=0 miss=0 switches=0 ooe=0
2013-01-15 00:29:12.503+0000: ./data/neostore.nodestore.db hit=0 miss=0 switches=0 ooe=0
2013-01-15 00:29:12.504+0000: ./data/neostore hit=0 miss=8 switches=0 ooe=0
2013-01-15 00:29:12.509+0000: [./data/neostore.relationshiptypestore.db.names] brickCount=0 brickSize=0b mappedMem=0b (storeSize=38b)
2013-01-15 00:29:12.510+0000: [./data/neostore.relationshiptypestore.db] brickCount=0 brickSize=0b mappedMem=0b (storeSize=0b)
2013-01-15 00:29:12.511+0000: [./data/neostore.propertystore.db.strings] brickCount=0 brickSize=747520b mappedMem=747634688b (storeSize=128b)
2013-01-15 00:29:12.511+0000: [./data/neostore.propertystore.db.index.keys] brickCount=0 brickSize=0b mappedMem=0b (storeSize=38b)
2013-01-15 00:29:12.512+0000: [./data/neostore.propertystore.db.index] brickCount=0 brickSize=0b mappedMem=0b (storeSize=0b)
2013-01-15 00:29:12.512+0000: [./data/neostore.propertystore.db.arrays] brickCount=0 brickSize=848256b mappedMem=848297984b (storeSize=128b)
2013-01-15 00:29:12.513+0000: [./data/neostore.propertystore.db] brickCount=0 brickSize=8797534b mappedMem=879755264b (storeSize=0b)
2013-01-15 00:29:12.514+0000: [./data/neostore.relationshipstore.db] brickCount=0 brickSize=10779351b mappedMem=1077936128b (storeSize=0b)
2013-01-15 00:29:12.515+0000: [./data/neostore.nodestore.db] brickCount=0 brickSize=244314b mappedMem=244318208b (storeSize=9b)
2013-01-15 00:29:12.516+0000: [./data/neostore] brickCount=0 brickSize=0b mappedMem=0b (storeSize=54b)
2013-01-15 00:29:12.537+0000: Opened logical log [./data/nioneo_logical.log.1] version=0, lastTxId=1 (clean)
2013-01-15 00:29:12.544+0000: TM new log: tm_tx_log.1
2013-01-15 00:29:12.546+0000: TM non resolved transactions found in ./data/tm_tx_log.1
2013-01-15 00:29:12.549+0000: Recovery completed, all transactions have been resolved to a consistent state.
2013-01-15 00:29:12.587+0000: Opened logical log [./data/index/lucene.log.1] version=0, lastTxId=1 (clean)
2013-01-15 00:29:12.592+0000: --- STARTED diagnostics for KernelDiagnostics:Versions START ---
2013-01-15 00:29:12.592+0000: Graph Database: org.neo4j.kernel.EmbeddedGraphDatabase StoreId[time:1358209752408, id:-1165660822730075851, store version: 13561656364791302]
2013-01-15 00:29:12.594+0000: Kernel version: neo4j-kernel 1.9.M03
2013-01-15 00:29:12.594+0000: Neo4j component versions:
2013-01-15 00:29:12.595+0000:   neo4j-kernel 1.9.M03
2013-01-15 00:29:12.596+0000: --- STARTED diagnostics for KernelDiagnostics:Versions END ---
2013-01-15 00:29:12.598+0000: --- STARTED diagnostics for NEO_STORE_VERSIONS START ---
2013-01-15 00:29:12.598+0000: Store versions:
    Store versions:
      NeoStore v0.A.0
      NodeStore v0.A.0
      RelationshipStore v0.A.0
      RelationshipTypeStore v0.A.0
      PropertyStore v0.A.0
      PropertyIndexStore v0.A.0
      StringPropertyStore v0.A.0
      ArrayPropertyStore v0.A.0
2013-01-15 00:29:12.599+0000: --- STARTED diagnostics for NEO_STORE_VERSIONS END ---
2013-01-15 00:29:12.599+0000: --- STARTED diagnostics for NEO_STORE_ID_USAGE START ---
2013-01-15 00:29:12.599+0000: Id usage:
    Id usage:
      NodeStore: used=1 high=0
      RelationshipStore: used=0 high=-1
      RelationshipTypeStore: used=0 high=-1
      PropertyStore: used=0 high=-1
      PropertyIndexStore: used=0 high=-1
      StringPropertyStore: used=1 high=0
      ArrayPropertyStore: used=1 high=0
2013-01-15 00:29:12.600+0000: --- STARTED diagnostics for NEO_STORE_ID_USAGE END ---
2013-01-15 00:29:12.600+0000: --- STARTED diagnostics for PERSISTENCE_WINDOW_POOL_STATS START ---
2013-01-15 00:29:12.600+0000: --- STARTED diagnostics for PERSISTENCE_WINDOW_POOL_STATS END ---
2013-01-15 00:29:12.601+0000: --- STARTED diagnostics for KernelDiagnostics:StoreFiles START ---
2013-01-15 00:29:12.601+0000: Disk space on partition (Total / Free / Free %): 499430719488 / 37569093632 / 92
Storage files: (filename : modification date - size)
      active_tx_log: 2013-01-14T16:29:12-0800 - 11.00 B
      index:
        lucene-store.db: 2013-01-14T16:29:12-0800 - 40.00 B
        lucene.log.1: 2013-01-14T16:29:12-0800 - 16.00 B
        lucene.log.active: 2013-01-14T16:29:12-0800 - 4.00 B
      - Total: 2013-01-14T16:29:12-0800 - 60.00 B
      lock: 2013-01-14T16:29:12-0800 - 0.00 B
      messages.log: 2013-01-14T16:29:12-0800 - 13.00 kB
      neostore: 2013-01-14T16:29:12-0800 - 54.00 B
      neostore.id: 2013-01-14T16:29:12-0800 - 9.00 B
      neostore.nodestore.db: 2013-01-14T16:29:12-0800 - 9.00 B
      neostore.nodestore.db.id: 2013-01-14T16:29:12-0800 - 9.00 B
      neostore.propertystore.db: 2013-01-14T16:29:12-0800 - 0.00 B
      neostore.propertystore.db.arrays: 2013-01-14T16:29:12-0800 - 128.00 B
      neostore.propertystore.db.arrays.id: 2013-01-14T16:29:12-0800 - 9.00 B
      neostore.propertystore.db.id: 2013-01-14T16:29:12-0800 - 9.00 B
      neostore.propertystore.db.index: 2013-01-14T16:29:12-0800 - 0.00 B
      neostore.propertystore.db.index.id: 2013-01-14T16:29:12-0800 - 9.00 B
      neostore.propertystore.db.index.keys: 2013-01-14T16:29:12-0800 - 38.00 B
      neostore.propertystore.db.index.keys.id: 2013-01-14T16:29:12-0800 - 9.00 B
      neostore.propertystore.db.strings: 2013-01-14T16:29:12-0800 - 128.00 B
      neostore.propertystore.db.strings.id: 2013-01-14T16:29:12-0800 - 9.00 B
      neostore.relationshipstore.db: 2013-01-14T16:29:12-0800 - 0.00 B
      neostore.relationshipstore.db.id: 2013-01-14T16:29:12-0800 - 9.00 B
      neostore.relationshiptypestore.db: 2013-01-14T16:29:12-0800 - 0.00 B
      neostore.relationshiptypestore.db.id: 2013-01-14T16:29:12-0800 - 9.00 B
      neostore.relationshiptypestore.db.names: 2013-01-14T16:29:12-0800 - 38.00 B
      neostore.relationshiptypestore.db.names.id: 2013-01-14T16:29:12-0800 - 9.00 B
      nioneo_logical.log.1: 2013-01-14T16:29:12-0800 - 16.00 B
      nioneo_logical.log.active: 2013-01-14T16:29:12-0800 - 4.00 B
      tm_tx_log.1: 2013-01-14T16:29:12-0800 - 0.00 B
2013-01-15 00:29:12.612+0000: --- STARTED diagnostics for KernelDiagnostics:StoreFiles END ---
2013-01-15 00:29:12.616+0000: GC Monitor started. 
2013-01-15 00:29:12.616+0000: Started - database is now available
2013-01-15 00:30:17.212+0000: Rotating [./data/nioneo_logical.log.1] @ version=0 to ./data/nioneo_logical.log.2 from position 26214402
2013-01-15 00:30:17.214+0000: Rotate log first start entry @ pos=26214344 out of [83889=Start[83889,xid=GlobalId[NEOKERNL|5172137383006506652|83891], BranchId[ 52 49 52 49 52 49 ],master=-1,me=-1,time=2013-01-15 00:30:16.649+0000/1358209816649]]
2013-01-15 00:30:17.215+0000: Rotate: old log scanned, newLog @ pos=74
2013-01-15 00:30:17.216+0000: Log rotated, newLog @ pos=74, version 1 and last tx 83888
2013-01-15 00:30:38.447+0000: Rotating [./data/nioneo_logical.log.2] @ version=1 to ./data/nioneo_logical.log.1 from position 26214497
2013-01-15 00:30:38.447+0000: Rotate log first start entry @ pos=26214439 out of [181871=Start[181871,xid=GlobalId[NEOKERNL|-2133477127348247249|181873], BranchId[ 52 49 52 49 52 49 ],master=-1,me=-1,time=2013-01-15 00:30:38.236+0000/1358209838236]]
2013-01-15 00:30:38.448+0000: Rotate: old log scanned, newLog @ pos=74
2013-01-15 00:30:38.451+0000: Log rotated, newLog @ pos=74, version 2 and last tx 181870
2013-01-15 00:31:40.203+0000: Rotating [./data/nioneo_logical.log.1] @ version=2 to ./data/nioneo_logical.log.2 from position 26214454
2013-01-15 00:31:40.205+0000: Rotate log first start entry @ pos=26214396 out of [275018=Start[275018,xid=GlobalId[NEOKERNL|-4430650644886435451|275020], BranchId[ 52 49 52 49 52 49 ],master=-1,me=-1,time=2013-01-15 00:31:39.964+0000/1358209899964]]
2013-01-15 00:31:40.206+0000: Rotate: old log scanned, newLog @ pos=74
2013-01-15 00:31:40.210+0000: Log rotated, newLog @ pos=74, version 3 and last tx 275017
2013-01-15 00:32:51.270+0000: Rotating [./data/nioneo_logical.log.2] @ version=3 to ./data/nioneo_logical.log.1 from position 26214539
2013-01-15 00:32:51.272+0000: Rotate log first start entry @ pos=26214481 out of [365664=Start[365664,xid=GlobalId[NEOKERNL|3348034949797125803|365666], BranchId[ 52 49 52 49 52 49 ],master=-1,me=-1,time=2013-01-15 00:32:51.059+0000/1358209971059]]
2013-01-15 00:32:51.272+0000: Rotate: old log scanned, newLog @ pos=74
2013-01-15 00:32:51.277+0000: Log rotated, newLog @ pos=74, version 4 and last tx 365663
2013-01-15 00:34:22.542+0000: Rotating [./data/nioneo_logical.log.1] @ version=4 to ./data/nioneo_logical.log.2 from position 26214444
2013-01-15 00:34:22.544+0000: Rotate log first start entry @ pos=26214249 out of [455908=Start[455908,xid=GlobalId[NEOKERNL|370974312110160471|455910], BranchId[ 52 49 52 49 52 49 ],master=-1,me=-1,time=2013-01-15 00:34:22.183+0000/1358210062183]]
2013-01-15 00:34:22.545+0000: Rotate: old log scanned, newLog @ pos=211
2013-01-15 00:34:22.550+0000: Log rotated, newLog @ pos=211, version 5 and last tx 455907
2013-01-15 00:35:32.699+0000: Rotating [./data/nioneo_logical.log.2] @ version=5 to ./data/nioneo_logical.log.1 from position 26214452
2013-01-15 00:35:32.701+0000: Rotate log first start entry @ pos=26214394 out of [546226=Start[546226,xid=GlobalId[NEOKERNL|-1151654877943665474|546228], BranchId[ 52 49 52 49 52 49 ],master=-1,me=-1,time=2013-01-15 00:35:32.064+0000/1358210132064]]
2013-01-15 00:35:32.702+0000: Rotate: old log scanned, newLog @ pos=74
2013-01-15 00:35:32.708+0000: Log rotated, newLog @ pos=74, version 6 and last tx 546225
2013-01-15 00:36:35.825+0000: GC Monitor: Application threads blocked for an additional 1702ms [total block time: 1.702s]
2013-01-15 00:36:37.163+0000: GC Monitor: Application threads blocked for an additional 912ms [total block time: 2.614s]
2013-01-15 00:36:41.338+0000: GC Monitor: Application threads blocked for an additional 726ms [total block time: 3.34s]
2013-01-15 00:36:56.236+0000: GC Monitor: Application threads blocked for an additional 1081ms [total block time: 4.421s]
2013-01-15 00:37:10.575+0000: GC Monitor: Application threads blocked for an additional 716ms [total block time: 5.137s]
2013-01-15 00:37:41.210+0000: GC Monitor: Application threads blocked for an additional 781ms [total block time: 5.918s]
2013-01-15 00:37:42.289+0000: GC Monitor: Application threads blocked for an additional 877ms [total block time: 6.795s]
2013-01-15 00:37:43.058+0000: GC Monitor: Application threads blocked for an additional 669ms [total block time: 7.464s]
2013-01-15 00:37:44.026+0000: GC Monitor: Application threads blocked for an additional 868ms [total block time: 8.332s]
2013-01-15 00:37:44.664+0000: GC Monitor: Application threads blocked for an additional 537ms [total block time: 8.869s]
2013-01-15 00:37:45.605+0000: GC Monitor: Application threads blocked for an additional 840ms [total block time: 9.709s]
2013-01-15 00:37:46.257+0000: GC Monitor: Application threads blocked for an additional 552ms [total block time: 10.261s]
2013-01-15 00:37:47.199+0000: GC Monitor: Application threads blocked for an additional 841ms [total block time: 11.102s]
2013-01-15 00:37:50.134+0000: GC Monitor: Application threads blocked for an additional 880ms [total block time: 11.982s]
2013-01-15 00:41:00.478+0000: GC Monitor: Application threads blocked for an additional 555ms [total block time: 12.537s]
2013-01-15 00:41:02.888+0000: GC Monitor: Application threads blocked for an additional 775ms [total block time: 13.312s]
2013-01-15 00:41:03.689+0000: GC Monitor: Application threads blocked for an additional 694ms [total block time: 14.006s]
2013-01-15 00:41:04.784+0000: GC Monitor: Application threads blocked for an additional 794ms [total block time: 14.8s]
2013-01-15 00:41:05.451+0000: GC Monitor: Application threads blocked for an additional 567ms [total block time: 15.367s]
2013-01-15 00:41:06.447+0000: GC Monitor: Application threads blocked for an additional 896ms [total block time: 16.263s]
2013-01-15 00:41:07.321+0000: GC Monitor: Application threads blocked for an additional 689ms [total block time: 16.952s]
2013-01-15 00:41:08.323+0000: GC Monitor: Application threads blocked for an additional 901ms [total block time: 17.853s]
2013-01-15 00:41:09.434+0000: GC Monitor: Application threads blocked for an additional 1011ms [total block time: 18.864s]
2013-01-15 00:41:10.170+0000: GC Monitor: Application threads blocked for an additional 636ms [total block time: 19.5s]
2013-01-15 00:41:11.281+0000: GC Monitor: Application threads blocked for an additional 1011ms [total block time: 20.511s]
2013-01-15 00:41:12.025+0000: GC Monitor: Application threads blocked for an additional 633ms [total block time: 21.144s]
2013-01-15 00:41:13.094+0000: GC Monitor: Application threads blocked for an additional 968ms [total block time: 22.112s]
2013-01-15 00:41:13.794+0000: GC Monitor: Application threads blocked for an additional 600ms [total block time: 22.712s]
2013-01-15 00:41:14.806+0000: GC Monitor: Application threads blocked for an additional 912ms [total block time: 23.624s]
2013-01-15 00:41:15.784+0000: GC Monitor: Application threads blocked for an additional 870ms [total block time: 24.494s]
2013-01-15 00:41:16.834+0000: GC Monitor: Application threads blocked for an additional 950ms [total block time: 25.444s]
2013-01-15 00:41:17.957+0000: GC Monitor: Application threads blocked for an additional 1022ms [total block time: 26.466s]
2013-01-15 00:41:18.997+0000: GC Monitor: Application threads blocked for an additional 940ms [total block time: 27.406s]
2013-01-15 00:41:20.449+0000: GC Monitor: Application threads blocked for an additional 793ms [total block time: 28.199s]
2013-01-15 00:41:21.351+0000: GC Monitor: Application threads blocked for an additional 686ms [total block time: 28.885s]
2013-01-15 00:41:23.691+0000: GC Monitor: Application threads blocked for an additional 771ms [total block time: 29.656s]
2013-01-15 00:41:25.102+0000: GC Monitor: Application threads blocked for an additional 667ms [total block time: 30.323s]
2013-01-15 00:41:26.258+0000: GC Monitor: Application threads blocked for an additional 714ms [total block time: 31.037s]
2013-01-15 00:41:26.960+0000: GC Monitor: Application threads blocked for an additional 602ms [total block time: 31.639s]
2013-01-15 00:41:27.986+0000: GC Monitor: Application threads blocked for an additional 926ms [total block time: 32.565s]
2013-01-15 00:41:28.712+0000: GC Monitor: Application threads blocked for an additional 611ms [total block time: 33.176s]
2013-01-15 00:41:29.870+0000: GC Monitor: Application threads blocked for an additional 1058ms [total block time: 34.234s]
2013-01-15 00:41:30.710+0000: GC Monitor: Application threads blocked for an additional 690ms [total block time: 34.924s]
2013-01-15 00:41:31.724+0000: GC Monitor: Application threads blocked for an additional 913ms [total block time: 35.837s]
2013-01-15 00:41:32.564+0000: GC Monitor: Application threads blocked for an additional 726ms [total block time: 36.563s]
2013-01-15 00:41:33.655+0000: GC Monitor: Application threads blocked for an additional 991ms [total block time: 37.554s]
2013-01-15 00:41:34.367+0000: GC Monitor: Application threads blocked for an additional 612ms [total block time: 38.166s]
2013-01-15 00:41:35.620+0000: GC Monitor: Application threads blocked for an additional 1153ms [total block time: 39.319s]
2013-01-15 00:41:36.465+0000: GC Monitor: Application threads blocked for an additional 742ms [total block time: 40.061s]
2013-01-15 00:41:37.620+0000: GC Monitor: Application threads blocked for an additional 852ms [total block time: 40.913s]
2013-01-15 00:41:38.544+0000: GC Monitor: Application threads blocked for an additional 823ms [total block time: 41.736s]
2013-01-15 00:41:39.712+0000: GC Monitor: Application threads blocked for an additional 1067ms [total block time: 42.803s]
2013-01-15 00:41:40.560+0000: GC Monitor: Application threads blocked for an additional 748ms [total block time: 43.551s]
2013-01-15 00:41:41.681+0000: GC Monitor: Application threads blocked for an additional 1021ms [total block time: 44.572s]
2013-01-15 00:41:42.489+0000: GC Monitor: Application threads blocked for an additional 706ms [total block time: 45.278s]
2013-01-15 00:41:43.504+0000: GC Monitor: Application threads blocked for an additional 915ms [total block time: 46.193s]
2013-01-15 00:41:44.364+0000: GC Monitor: Application threads blocked for an additional 759ms [total block time: 46.952s]
2013-01-15 00:41:55.413+0000: GC Monitor: Application threads blocked for an additional 3026ms [total block time: 49.978s]
2013-01-15 00:41:56.266+0000: GC Monitor: Application threads blocked for an additional 737ms [total block time: 50.715s]
2013-01-15 00:41:57.444+0000: GC Monitor: Application threads blocked for an additional 977ms [total block time: 51.692s]
2013-01-15 00:41:58.154+0000: GC Monitor: Application threads blocked for an additional 609ms [total block time: 52.301s]
2013-01-15 00:41:59.296+0000: GC Monitor: Application threads blocked for an additional 1042ms [total block time: 53.343s]
2013-01-15 00:42:00.536+0000: GC Monitor: Application threads blocked for an additional 1039ms [total block time: 54.382s]
2013-01-15 00:42:01.256+0000: GC Monitor: Application threads blocked for an additional 620ms [total block time: 55.002s]
2013-01-15 00:42:02.431+0000: GC Monitor: Application threads blocked for an additional 1074ms [total block time: 56.076s]
2013-01-15 00:42:03.258+0000: GC Monitor: Application threads blocked for an additional 727ms [total block time: 56.803s]
2013-01-15 00:42:04.419+0000: GC Monitor: Application threads blocked for an additional 1060ms [total block time: 57.863s]
2013-01-15 00:42:05.287+0000: GC Monitor: Application threads blocked for an additional 768ms [total block time: 58.631s]
2013-01-15 00:42:06.506+0000: GC Monitor: Application threads blocked for an additional 1013ms [total block time: 59.644s]
2013-01-15 00:42:07.218+0000: GC Monitor: Application threads blocked for an additional 612ms [total block time: 60.256s]
2013-01-15 00:42:08.429+0000: GC Monitor: Application threads blocked for an additional 1010ms [total block time: 61.266s]
2013-01-15 00:42:09.648+0000: GC Monitor: Application threads blocked for an additional 1015ms [total block time: 62.281s]
2013-01-15 00:42:10.953+0000: GC Monitor: Application threads blocked for an additional 1087ms [total block time: 63.368s]
2013-01-15 00:42:11.844+0000: GC Monitor: Application threads blocked for an additional 789ms [total block time: 64.157s]
2013-01-15 00:42:14.113+0000: GC Monitor: Application threads blocked for an additional 1011ms [total block time: 65.168s]
2013-01-15 00:42:15.649+0000: GC Monitor: Application threads blocked for an additional 819ms [total block time: 65.987s]
2013-01-15 00:42:19.885+0000: GC Monitor: Application threads blocked for an additional 977ms [total block time: 66.964s]
2013-01-15 00:42:20.506+0000: GC Monitor: Application threads blocked for an additional 507ms [total block time: 67.471s]
2013-01-15 00:42:21.609+0000: GC Monitor: Application threads blocked for an additional 767ms [total block time: 68.238s]
2013-01-15 00:42:22.308+0000: GC Monitor: Application threads blocked for an additional 599ms [total block time: 68.837s]
2013-01-15 00:42:23.274+0000: GC Monitor: Application threads blocked for an additional 866ms [total block time: 69.703s]
2013-01-15 00:42:23.974+0000: GC Monitor: Application threads blocked for an additional 600ms [total block time: 70.303s]
2013-01-15 00:42:25.058+0000: GC Monitor: Application threads blocked for an additional 984ms [total block time: 71.287s]
2013-01-15 00:42:25.820+0000: GC Monitor: Application threads blocked for an additional 661ms [total block time: 71.948s]
2013-01-15 00:42:26.815+0000: GC Monitor: Application threads blocked for an additional 895ms [total block time: 72.843s]
2013-01-15 00:42:27.770+0000: GC Monitor: Application threads blocked for an additional 855ms [total block time: 73.698s]
2013-01-15 00:42:28.918+0000: GC Monitor: Application threads blocked for an additional 947ms [total block time: 74.645s]
2013-01-15 00:42:29.752+0000: GC Monitor: Application threads blocked for an additional 734ms [total block time: 75.379s]
2013-01-15 00:42:30.937+0000: GC Monitor: Application threads blocked for an additional 973ms [total block time: 76.352s]
2013-01-15 00:42:31.804+0000: GC Monitor: Application threads blocked for an additional 767ms [total block time: 77.119s]
2013-01-15 00:42:32.789+0000: GC Monitor: Application threads blocked for an additional 884ms [total block time: 78.003s]
2013-01-15 00:42:33.500+0000: GC Monitor: Application threads blocked for an additional 610ms [total block time: 78.613s]
2013-01-15 00:42:34.552+0000: GC Monitor: Application threads blocked for an additional 847ms [total block time: 79.46s]
2013-01-15 00:42:35.424+0000: GC Monitor: Application threads blocked for an additional 754ms [total block time: 80.214s]
2013-01-15 00:42:36.467+0000: GC Monitor: Application threads blocked for an additional 738ms [total block time: 80.952s]
2013-01-15 00:42:38.415+0000: GC Monitor: Application threads blocked for an additional 687ms [total block time: 81.639s]
2013-01-15 00:42:42.196+0000: GC Monitor: Application threads blocked for an additional 700ms [total block time: 82.339s]
2013-01-15 00:42:43.645+0000: GC Monitor: Application threads blocked for an additional 727ms [total block time: 83.066s]
2013-01-15 00:42:48.117+0000: GC Monitor: Application threads blocked for an additional 932ms [total block time: 83.998s]
2013-01-15 00:42:48.912+0000: GC Monitor: Application threads blocked for an additional 695ms [total block time: 84.693s]
2013-01-15 00:42:49.915+0000: GC Monitor: Application threads blocked for an additional 903ms [total block time: 85.596s]
2013-01-15 00:42:50.604+0000: GC Monitor: Application threads blocked for an additional 588ms [total block time: 86.184s]
2013-01-15 00:42:51.594+0000: GC Monitor: Application threads blocked for an additional 890ms [total block time: 87.074s]
2013-01-15 00:42:52.288+0000: GC Monitor: Application threads blocked for an additional 594ms [total block time: 87.668s]
2013-01-15 00:42:53.396+0000: GC Monitor: Application threads blocked for an additional 1008ms [total block time: 88.676s]
2013-01-15 00:42:54.089+0000: GC Monitor: Application threads blocked for an additional 593ms [total block time: 89.269s]
2013-01-15 00:42:55.216+0000: GC Monitor: Application threads blocked for an additional 1027ms [total block time: 90.296s]
2013-01-15 00:42:56.029+0000: GC Monitor: Application threads blocked for an additional 712ms [total block time: 91.008s]
2013-01-15 00:42:57.104+0000: GC Monitor: Application threads blocked for an additional 968ms [total block time: 91.976s]
2013-01-15 00:42:57.785+0000: GC Monitor: Application threads blocked for an additional 571ms [total block time: 92.547s]
2013-01-15 00:42:58.826+0000: GC Monitor: Application threads blocked for an additional 938ms [total block time: 93.485s]
2013-01-15 00:42:59.523+0000: GC Monitor: Application threads blocked for an additional 597ms [total block time: 94.082s]
2013-01-15 00:43:00.562+0000: GC Monitor: Application threads blocked for an additional 939ms [total block time: 95.021s]
2013-01-15 00:43:01.437+0000: GC Monitor: Application threads blocked for an additional 673ms [total block time: 95.694s]
2013-01-15 00:43:12.663+0000: GC Monitor: Application threads blocked for an additional 709ms [total block time: 96.403s]
2013-01-15 00:43:14.781+0000: GC Monitor: Application threads blocked for an additional 685ms [total block time: 97.088s]
2013-01-15 00:43:15.526+0000: GC Monitor: Application threads blocked for an additional 645ms [total block time: 97.733s]
2013-01-15 00:43:16.551+0000: GC Monitor: Application threads blocked for an additional 823ms [total block time: 98.556s]
2013-01-15 00:43:17.353+0000: GC Monitor: Application threads blocked for an additional 702ms [total block time: 99.258s]
2013-01-15 00:43:18.324+0000: GC Monitor: Application threads blocked for an additional 770ms [total block time: 100.028s]
2013-01-15 00:43:19.069+0000: GC Monitor: Application threads blocked for an additional 645ms [total block time: 100.673s]
2013-01-15 00:43:20.183+0000: GC Monitor: Application threads blocked for an additional 913ms [total block time: 101.586s]
2013-01-15 00:43:20.905+0000: GC Monitor: Application threads blocked for an additional 621ms [total block time: 102.207s]
2013-01-15 00:43:22.088+0000: GC Monitor: Application threads blocked for an additional 982ms [total block time: 103.189s]
2013-01-15 00:43:22.877+0000: GC Monitor: Application threads blocked for an additional 689ms [total block time: 103.878s]
2013-01-15 00:43:24.002+0000: GC Monitor: Application threads blocked for an additional 1025ms [total block time: 104.903s]
2013-01-15 00:43:27.563+0000: GC Monitor: Application threads blocked for an additional 797ms [total block time: 105.7s]
2013-01-15 00:43:28.303+0000: GC Monitor: Application threads blocked for an additional 640ms [total block time: 106.34s]
2013-01-15 00:43:29.439+0000: GC Monitor: Application threads blocked for an additional 1035ms [total block time: 107.375s]
2013-01-15 00:43:30.298+0000: GC Monitor: Application threads blocked for an additional 755ms [total block time: 108.13s]
2013-01-15 00:43:31.426+0000: GC Monitor: Application threads blocked for an additional 927ms [total block time: 109.057s]
2013-01-15 00:43:32.293+0000: GC Monitor: Application threads blocked for an additional 767ms [total block time: 109.824s]
2013-01-15 00:43:33.495+0000: GC Monitor: Application threads blocked for an additional 1001ms [total block time: 110.825s]
2013-01-15 00:43:34.687+0000: GC Monitor: Application threads blocked for an additional 890ms [total block time: 111.715s]
2013-01-15 00:43:35.732+0000: GC Monitor: Application threads blocked for an additional 944ms [total block time: 112.659s]
2013-01-15 00:43:37.058+0000: GC Monitor: Application threads blocked for an additional 650ms [total block time: 113.309s]
2013-01-15 00:43:46.607+0000: GC Monitor: Application threads blocked for an additional 2082ms [total block time: 115.391s]
2013-01-15 00:43:47.342+0000: GC Monitor: Application threads blocked for an additional 622ms [total block time: 116.013s]
2013-01-15 00:43:48.355+0000: GC Monitor: Application threads blocked for an additional 913ms [total block time: 116.926s]
2013-01-15 00:43:49.114+0000: GC Monitor: Application threads blocked for an additional 659ms [total block time: 117.585s]
2013-01-15 00:43:50.147+0000: GC Monitor: Application threads blocked for an additional 932ms [total block time: 118.517s]
2013-01-15 00:43:51.036+0000: GC Monitor: Application threads blocked for an additional 777ms [total block time: 119.294s]
2013-01-15 00:43:52.165+0000: GC Monitor: Application threads blocked for an additional 1029ms [total block time: 120.323s]
2013-01-15 00:43:53.040+0000: GC Monitor: Application threads blocked for an additional 764ms [total block time: 121.087s]
2013-01-15 00:43:54.179+0000: GC Monitor: Application threads blocked for an additional 1039ms [total block time: 122.126s]
2013-01-15 00:43:55.059+0000: GC Monitor: Application threads blocked for an additional 780ms [total block time: 122.906s]
2013-01-15 00:43:56.111+0000: GC Monitor: Application threads blocked for an additional 951ms [total block time: 123.857s]
2013-01-15 00:43:56.982+0000: GC Monitor: Application threads blocked for an additional 771ms [total block time: 124.628s]
2013-01-15 00:43:58.116+0000: GC Monitor: Application threads blocked for an additional 925ms [total block time: 125.553s]
2013-01-15 00:43:58.834+0000: GC Monitor: Application threads blocked for an additional 617ms [total block time: 126.17s]
2013-01-15 00:43:59.989+0000: GC Monitor: Application threads blocked for an additional 1055ms [total block time: 127.225s]
2013-01-15 00:44:01.229+0000: GC Monitor: Application threads blocked for an additional 930ms [total block time: 128.155s]
2013-01-15 00:44:02.387+0000: GC Monitor: Application threads blocked for an additional 845ms [total block time: 129.0s]
2013-01-15 00:44:03.233+0000: GC Monitor: Application threads blocked for an additional 744ms [total block time: 129.744s]
2013-01-15 00:44:06.256+0000: GC Monitor: Application threads blocked for an additional 1235ms [total block time: 130.979s]
2013-01-15 00:44:08.662+0000: GC Monitor: Application threads blocked for an additional 1460ms [total block time: 132.439s]
2013-01-15 00:44:10.418+0000: GC Monitor: Application threads blocked for an additional 839ms [total block time: 133.278s]
2013-01-15 00:44:15.532+0000: GC Monitor: Application threads blocked for an additional 993ms [total block time: 134.271s]
2013-01-15 00:44:16.276+0000: GC Monitor: Application threads blocked for an additional 644ms [total block time: 134.915s]
2013-01-15 00:44:17.281+0000: GC Monitor: Application threads blocked for an additional 905ms [total block time: 135.82s]
2013-01-15 00:44:18.005+0000: GC Monitor: Application threads blocked for an additional 624ms [total block time: 136.444s]
2013-01-15 00:44:19.121+0000: GC Monitor: Application threads blocked for an additional 1016ms [total block time: 137.46s]
2013-01-15 00:44:19.965+0000: GC Monitor: Application threads blocked for an additional 744ms [total block time: 138.204s]
2013-01-15 00:44:21.096+0000: GC Monitor: Application threads blocked for an additional 1030ms [total block time: 139.234s]
2013-01-15 00:44:21.949+0000: GC Monitor: Application threads blocked for an additional 736ms [total block time: 139.97s]
2013-01-15 00:44:23.049+0000: GC Monitor: Application threads blocked for an additional 823ms [total block time: 140.793s]
2013-01-15 00:44:24.116+0000: GC Monitor: Application threads blocked for an additional 855ms [total block time: 141.648s]
2013-01-15 00:44:24.801+0000: GC Monitor: Application threads blocked for an additional 585ms [total block time: 142.233s]
2013-01-15 00:44:25.932+0000: GC Monitor: Application threads blocked for an additional 1031ms [total block time: 143.264s]
2013-01-15 00:44:26.772+0000: GC Monitor: Application threads blocked for an additional 740ms [total block time: 144.004s]
2013-01-15 00:44:27.888+0000: GC Monitor: Application threads blocked for an additional 1015ms [total block time: 145.019s]
2013-01-15 00:44:28.729+0000: GC Monitor: Application threads blocked for an additional 739ms [total block time: 145.758s]
2013-01-15 00:44:29.859+0000: GC Monitor: Application threads blocked for an additional 921ms [total block time: 146.679s]
2013-01-15 00:44:30.931+0000: GC Monitor: Application threads blocked for an additional 867ms [total block time: 147.546s]
2013-01-15 00:44:31.779+0000: GC Monitor: Application threads blocked for an additional 740ms [total block time: 148.286s]
2013-01-15 00:44:32.864+0000: GC Monitor: Application threads blocked for an additional 985ms [total block time: 149.271s]
2013-01-15 00:44:34.074+0000: GC Monitor: Application threads blocked for an additional 1006ms [total block time: 150.277s]
2013-01-15 00:44:35.265+0000: GC Monitor: Application threads blocked for an additional 889ms [total block time: 151.166s]
2013-01-15 00:44:36.461+0000: GC Monitor: Application threads blocked for an additional 986ms [total block time: 152.152s]
2013-01-15 00:44:37.266+0000: GC Monitor: Application threads blocked for an additional 705ms [total block time: 152.857s]
2013-01-15 00:44:40.098+0000: GC Monitor: Application threads blocked for an additional 978ms [total block time: 153.835s]
2013-01-15 00:44:41.333+0000: GC Monitor: Application threads blocked for an additional 818ms [total block time: 154.653s]
2013-01-15 00:44:47.061+0000: GC Monitor: Application threads blocked for an additional 1490ms [total block time: 156.143s]
2013-01-15 00:44:48.235+0000: GC Monitor: Application threads blocked for an additional 771ms [total block time: 156.914s]
2013-01-15 00:44:49.340+0000: GC Monitor: Application threads blocked for an additional 694ms [total block time: 157.608s]
2013-01-15 00:44:50.063+0000: GC Monitor: Application threads blocked for an additional 623ms [total block time: 158.231s]
2013-01-15 00:44:51.063+0000: GC Monitor: Application threads blocked for an additional 900ms [total block time: 159.131s]
2013-01-15 00:44:51.790+0000: GC Monitor: Application threads blocked for an additional 627ms [total block time: 159.758s]
2013-01-15 00:44:52.805+0000: GC Monitor: Application threads blocked for an additional 915ms [total block time: 160.673s]
2013-01-15 00:44:53.657+0000: GC Monitor: Application threads blocked for an additional 751ms [total block time: 161.424s]
2013-01-15 00:44:55.831+0000: GC Monitor: Application threads blocked for an additional 782ms [total block time: 162.206s]
2013-01-15 00:44:56.564+0000: GC Monitor: Application threads blocked for an additional 632ms [total block time: 162.838s]
2013-01-15 00:44:57.580+0000: GC Monitor: Application threads blocked for an additional 916ms [total block time: 163.754s]
2013-01-15 00:44:58.462+0000: GC Monitor: Application threads blocked for an additional 747ms [total block time: 164.501s]
2013-01-15 00:44:59.525+0000: GC Monitor: Application threads blocked for an additional 962ms [total block time: 165.463s]
2013-01-15 00:45:00.608+0000: GC Monitor: Application threads blocked for an additional 874ms [total block time: 166.337s]
2013-01-15 00:45:01.457+0000: GC Monitor: Application threads blocked for an additional 748ms [total block time: 167.085s]
2013-01-15 00:45:02.572+0000: GC Monitor: Application threads blocked for an additional 1015ms [total block time: 168.1s]
2013-01-15 00:45:03.386+0000: GC Monitor: Application threads blocked for an additional 713ms [total block time: 168.813s]
2013-01-15 00:45:05.354+0000: GC Monitor: Application threads blocked for an additional 1730ms [total block time: 170.543s]
2013-01-15 00:45:08.982+0000: GC Monitor: Application threads blocked for an additional 1552ms [total block time: 172.095s]
2013-01-15 00:45:10.387+0000: GC Monitor: Application threads blocked for an additional 888ms [total block time: 172.983s]
2013-01-15 00:45:13.189+0000: GC Monitor: Application threads blocked for an additional 529ms [total block time: 173.512s]
2013-01-15 00:45:15.839+0000: GC Monitor: Application threads blocked for an additional 857ms [total block time: 174.369s]
2013-01-15 00:45:16.597+0000: GC Monitor: Application threads blocked for an additional 657ms [total block time: 175.026s]
2013-01-15 00:45:17.682+0000: GC Monitor: Application threads blocked for an additional 985ms [total block time: 176.011s]
2013-01-15 00:45:18.523+0000: GC Monitor: Application threads blocked for an additional 733ms [total block time: 176.744s]
2013-01-15 00:45:19.639+0000: GC Monitor: Application threads blocked for an additional 1016ms [total block time: 177.76s]
2013-01-15 00:45:20.364+0000: GC Monitor: Application threads blocked for an additional 625ms [total block time: 178.385s]
2013-01-15 00:45:21.450+0000: GC Monitor: Application threads blocked for an additional 986ms [total block time: 179.371s]
2013-01-15 00:45:22.286+0000: GC Monitor: Application threads blocked for an additional 736ms [total block time: 180.107s]
2013-01-15 00:45:23.373+0000: GC Monitor: Application threads blocked for an additional 987ms [total block time: 181.094s]
2013-01-15 00:45:24.212+0000: GC Monitor: Application threads blocked for an additional 739ms [total block time: 181.833s]
2013-01-15 00:45:25.344+0000: GC Monitor: Application threads blocked for an additional 1032ms [total block time: 182.865s]
2013-01-15 00:45:26.191+0000: GC Monitor: Application threads blocked for an additional 744ms [total block time: 183.609s]
2013-01-15 00:45:27.326+0000: GC Monitor: Application threads blocked for an additional 1034ms [total block time: 184.643s]
2013-01-15 00:45:28.186+0000: GC Monitor: Application threads blocked for an additional 736ms [total block time: 185.379s]
2013-01-15 00:45:29.390+0000: GC Monitor: Application threads blocked for an additional 714ms [total block time: 186.093s]
2013-01-15 00:45:30.629+0000: GC Monitor: Application threads blocked for an additional 623ms [total block time: 186.716s]
2013-01-15 00:45:31.473+0000: GC Monitor: Application threads blocked for an additional 744ms [total block time: 187.46s]
2013-01-15 00:45:32.584+0000: GC Monitor: Application threads blocked for an additional 871ms [total block time: 188.331s]
2013-01-15 00:45:33.763+0000: GC Monitor: Application threads blocked for an additional 749ms [total block time: 189.08s]
2013-01-15 00:45:34.630+0000: GC Monitor: Application threads blocked for an additional 743ms [total block time: 189.823s]
2013-01-15 00:45:35.893+0000: GC Monitor: Application threads blocked for an additional 748ms [total block time: 190.571s]
2013-01-15 00:45:38.359+0000: GC Monitor: Application threads blocked for an additional 102ms [total block time: 190.673s]
2013-01-15 00:45:44.140+0000: GC Monitor: Application threads blocked for an additional 1759ms [total block time: 192.432s]
2013-01-15 00:45:45.209+0000: GC Monitor: Application threads blocked for an additional 851ms [total block time: 193.283s]
2013-01-15 00:45:45.959+0000: GC Monitor: Application threads blocked for an additional 650ms [total block time: 193.933s]
2013-01-15 00:45:46.967+0000: GC Monitor: Application threads blocked for an additional 908ms [total block time: 194.841s]
2013-01-15 00:45:47.739+0000: GC Monitor: Application threads blocked for an additional 672ms [total block time: 195.513s]
2013-01-15 00:45:48.866+0000: GC Monitor: Application threads blocked for an additional 1027ms [total block time: 196.54s]
2013-01-15 00:45:49.726+0000: GC Monitor: Application threads blocked for an additional 760ms [total block time: 197.3s]
2013-01-15 00:45:51.610+0000: GC Monitor: Application threads blocked for an additional 1681ms [total block time: 198.981s]
2013-01-15 00:45:52.628+0000: GC Monitor: Application threads blocked for an additional 918ms [total block time: 199.899s]
2013-01-15 00:45:53.489+0000: GC Monitor: Application threads blocked for an additional 747ms [total block time: 200.646s]
2013-01-15 00:45:54.610+0000: GC Monitor: Application threads blocked for an additional 1021ms [total block time: 201.667s]
2013-01-15 00:45:55.370+0000: GC Monitor: Application threads blocked for an additional 660ms [total block time: 202.327s]
2013-01-15 00:45:56.486+0000: GC Monitor: Application threads blocked for an additional 1016ms [total block time: 203.343s]
2013-01-15 00:45:57.683+0000: GC Monitor: Application threads blocked for an additional 893ms [total block time: 204.236s]
2013-01-15 00:45:58.861+0000: GC Monitor: Application threads blocked for an additional 757ms [total block time: 204.993s]
2013-01-15 00:45:59.725+0000: GC Monitor: Application threads blocked for an additional 764ms [total block time: 205.757s]
2013-01-15 00:46:01.056+0000: GC Monitor: Application threads blocked for an additional 670ms [total block time: 206.427s]
2013-01-15 00:46:02.628+0000: GC Monitor: Application threads blocked for an additional 735ms [total block time: 207.162s]
2013-01-15 00:46:05.592+0000: GC Monitor: Application threads blocked for an additional 432ms [total block time: 207.594s]
2013-01-15 00:46:09.927+0000: GC Monitor: Application threads blocked for an additional 746ms [total block time: 208.34s]
2013-01-15 00:46:10.746+0000: GC Monitor: Application threads blocked for an additional 719ms [total block time: 209.059s]
2013-01-15 00:46:11.718+0000: GC Monitor: Application threads blocked for an additional 872ms [total block time: 209.931s]
2013-01-15 00:46:12.436+0000: GC Monitor: Application threads blocked for an additional 605ms [total block time: 210.536s]
2013-01-15 00:46:13.415+0000: GC Monitor: Application threads blocked for an additional 879ms [total block time: 211.415s]
2013-01-15 00:46:14.160+0000: GC Monitor: Application threads blocked for an additional 644ms [total block time: 212.059s]
2013-01-15 00:46:15.168+0000: GC Monitor: Application threads blocked for an additional 908ms [total block time: 212.967s]
2013-01-15 00:46:16.004+0000: GC Monitor: Application threads blocked for an additional 719ms [total block time: 213.686s]
2013-01-15 00:46:17.095+0000: GC Monitor: Application threads blocked for an additional 991ms [total block time: 214.677s]
2013-01-15 00:46:17.815+0000: GC Monitor: Application threads blocked for an additional 620ms [total block time: 215.297s]
2013-01-15 00:46:18.937+0000: GC Monitor: Application threads blocked for an additional 1021ms [total block time: 216.318s]
2013-01-15 00:46:19.792+0000: GC Monitor: Application threads blocked for an additional 745ms [total block time: 217.063s]
2013-01-15 00:46:20.872+0000: GC Monitor: Application threads blocked for an additional 980ms [total block time: 218.043s]
2013-01-15 00:46:22.804+0000: GC Monitor: Application threads blocked for an additional 1700ms [total block time: 219.743s]
2013-01-15 00:46:23.919+0000: GC Monitor: Application threads blocked for an additional 915ms [total block time: 220.658s]
2013-01-15 00:46:25.867+0000: GC Monitor: Application threads blocked for an additional 1585ms [total block time: 222.243s]
2013-01-15 00:46:26.962+0000: GC Monitor: Application threads blocked for an additional 784ms [total block time: 223.027s]
2013-01-15 00:46:28.177+0000: GC Monitor: Application threads blocked for an additional 650ms [total block time: 223.677s]
2013-01-15 00:46:29.015+0000: GC Monitor: Application threads blocked for an additional 738ms [total block time: 224.415s]
2013-01-15 00:46:32.226+0000: GC Monitor: Application threads blocked for an additional 944ms [total block time: 225.359s]
2013-01-15 00:46:33.468+0000: GC Monitor: Application threads blocked for an additional 833ms [total block time: 226.192s]
2013-01-15 00:46:34.653+0000: GC Monitor: Application threads blocked for an additional 983ms [total block time: 227.175s]
2013-01-15 00:46:35.577+0000: GC Monitor: Application threads blocked for an additional 824ms [total block time: 227.999s]
2013-01-15 00:46:36.786+0000: GC Monitor: Application threads blocked for an additional 1004ms [total block time: 229.003s]
2013-01-15 00:46:37.495+0000: GC Monitor: Application threads blocked for an additional 606ms [total block time: 229.609s]
2013-01-15 00:46:37.697+0000: Stopping - database is now unavailable
2013-01-15 00:46:37.796+0000: GC Monitor stopped. 
2013-01-15 00:46:37.844+0000: Closed log ./data/index/lucene.log
2013-01-15 00:46:37.849+0000: TM shutting down
2013-01-15 00:46:38.731+0000: Closed log ./data/nioneo_logical.log
2013-01-15 00:46:38.735+0000: ./data/neostore.relationshiptypestore.db.names hit=0 miss=10 switches=0 ooe=0
2013-01-15 00:46:38.735+0000: ./data/neostore.relationshiptypestore.db hit=0 miss=10 switches=0 ooe=0
2013-01-15 00:46:38.736+0000: ./data/neostore.propertystore.db.strings hit=843 miss=0 switches=0 ooe=0
2013-01-15 00:46:38.736+0000: ./data/neostore.propertystore.db.index.keys hit=0 miss=11 switches=0 ooe=0
2013-01-15 00:46:38.737+0000: ./data/neostore.propertystore.db.index hit=0 miss=11 switches=0 ooe=0
2013-01-15 00:46:38.737+0000: ./data/neostore.propertystore.db.arrays hit=0 miss=0 switches=0 ooe=0
2013-01-15 00:46:38.739+0000: ./data/neostore.propertystore.db hit=804447 miss=0 switches=0 ooe=0
2013-01-15 00:46:38.742+0000: ./data/neostore.relationshipstore.db hit=9792333 miss=0 switches=0 ooe=0
2013-01-15 00:46:38.743+0000: ./data/neostore.nodestore.db hit=6258192 miss=0 switches=0 ooe=0
2013-01-15 00:46:38.743+0000: ./data/neostore hit=0 miss=581278 switches=0 ooe=0
2013-01-15 00:46:38.744+0000: NeoStore closed
2013-01-15 00:46:38.744+0000: --- STOPPING diagnostics START ---
2013-01-15 00:46:38.744+0000: --- STOPPING diagnostics END ---
