8/9/12 6:40:17 PM org.neo4j.server.NeoServerWithEmbeddedWebServer INFO: Starting Neo Server on port [7474] with [10] threads available
8/9/12 6:40:17 PM org.neo4j.server.NeoServerWithEmbeddedWebServer INFO: Enabling HTTPS on port [7473]
8/9/12 6:40:17 PM org.neo4j.server.NeoServerWithEmbeddedWebServer INFO: No SSL certificate found, generating a self-signed certificate..
8/9/12 6:40:19 PM org.neo4j.server.database.Database INFO: Using database at /home/ec2-user/neo4j-community-1.7.2/data/graph.db
8/9/12 6:40:20 PM org.neo4j.server.modules.DiscoveryModule INFO: Mounted discovery module at [/]
8/9/12 6:40:20 PM org.neo4j.server.plugins.PluginManager INFO: Loaded server plugin "CypherPlugin"
8/9/12 6:40:20 PM org.neo4j.server.plugins.PluginManager INFO: Loaded server plugin "GremlinPlugin"
8/9/12 6:40:20 PM org.neo4j.server.modules.RESTApiModule INFO: Mounted REST API at [/db/data/]
8/9/12 6:40:20 PM org.neo4j.server.modules.ManagementApiModule INFO: Mounted management API at [/db/manage/]
8/9/12 6:40:20 PM org.neo4j.server.modules.WebAdminModule INFO: Mounted webadmin at [/webadmin]
8/9/12 6:40:20 PM org.neo4j.server.web.Jetty6WebServer INFO: Mounting static content at [/webadmin] from [webadmin-html]
8/9/12 6:40:23 PM org.neo4j.server.statistic.StatisticStartupListener INFO: adding statistic-filter to /webadmin
8/9/12 6:40:23 PM org.neo4j.server.statistic.StatisticStartupListener INFO: adding statistic-filter to /db/manage
8/9/12 6:40:23 PM org.neo4j.server.statistic.StatisticStartupListener INFO: adding statistic-filter to /db/data
8/9/12 6:40:23 PM org.neo4j.server.statistic.StatisticStartupListener INFO: adding statistic-filter to /
8/9/12 6:40:23 PM org.neo4j.server.NeoServerWithEmbeddedWebServer INFO: Server started on [http://localhost:7474/]
8/9/12 6:55:21 PM org.neo4j.server.NeoServerWithEmbeddedWebServer INFO: Starting Neo Server on port [7474] with [10] threads available
8/9/12 6:55:21 PM org.neo4j.server.NeoServerWithEmbeddedWebServer INFO: Enabling HTTPS on port [7473]
8/9/12 6:55:22 PM org.neo4j.server.database.Database INFO: Using database at /home/ec2-user/neo4j-community-1.7.2/data/graph.db
8/9/12 6:55:23 PM org.neo4j.server.modules.DiscoveryModule INFO: Mounted discovery module at [/]
8/9/12 6:55:23 PM org.neo4j.server.plugins.PluginManager INFO: Loaded server plugin "CypherPlugin"
8/9/12 6:55:23 PM org.neo4j.server.plugins.PluginManager INFO: Loaded server plugin "GremlinPlugin"
8/9/12 6:55:23 PM org.neo4j.server.modules.RESTApiModule INFO: Mounted REST API at [/db/data/]
8/9/12 6:55:23 PM org.neo4j.server.modules.ManagementApiModule INFO: Mounted management API at [/db/manage/]
8/9/12 6:55:23 PM org.neo4j.server.modules.WebAdminModule INFO: Mounted webadmin at [/webadmin]
8/9/12 6:55:23 PM org.neo4j.server.web.Jetty6WebServer INFO: Mounting static content at [/webadmin] from [webadmin-html]
8/9/12 6:55:27 PM org.neo4j.server.statistic.StatisticStartupListener INFO: adding statistic-filter to /webadmin
8/9/12 6:55:27 PM org.neo4j.server.statistic.StatisticStartupListener INFO: adding statistic-filter to /db/manage
8/9/12 6:55:27 PM org.neo4j.server.statistic.StatisticStartupListener INFO: adding statistic-filter to /db/data
8/9/12 6:55:27 PM org.neo4j.server.statistic.StatisticStartupListener INFO: adding statistic-filter to /
8/9/12 6:55:27 PM org.neo4j.server.NeoServerWithEmbeddedWebServer INFO: Server started on [http://0.0.0.0:7474/]
8/9/12 6:59:16 PM org.neo4j.server.NeoServerWithEmbeddedWebServer INFO: Starting Neo Server on port [7474] with [10] threads available
8/9/12 6:59:16 PM org.neo4j.server.NeoServerWithEmbeddedWebServer INFO: Enabling HTTPS on port [7473]
8/9/12 6:59:17 PM org.neo4j.server.database.Database INFO: Using database at /home/ec2-user/neo4j-community-1.7.2/data/graph.db
8/9/12 6:59:18 PM org.neo4j.server.modules.DiscoveryModule INFO: Mounted discovery module at [/]
8/9/12 6:59:18 PM org.neo4j.server.plugins.PluginManager INFO: Loaded server plugin "CypherPlugin"
8/9/12 6:59:18 PM org.neo4j.server.plugins.PluginManager INFO: Loaded server plugin "GremlinPlugin"
8/9/12 6:59:18 PM org.neo4j.server.modules.RESTApiModule INFO: Mounted REST API at [/db/data/]
8/9/12 6:59:18 PM org.neo4j.server.modules.ManagementApiModule INFO: Mounted management API at [/db/manage/]
8/9/12 6:59:18 PM org.neo4j.server.modules.WebAdminModule INFO: Mounted webadmin at [/webadmin]
8/9/12 6:59:18 PM org.neo4j.server.web.Jetty6WebServer INFO: Mounting static content at [/webadmin] from [webadmin-html]
8/9/12 6:59:21 PM org.neo4j.server.statistic.StatisticStartupListener INFO: adding statistic-filter to /webadmin
8/9/12 6:59:21 PM org.neo4j.server.statistic.StatisticStartupListener INFO: adding statistic-filter to /db/manage
8/9/12 6:59:21 PM org.neo4j.server.statistic.StatisticStartupListener INFO: adding statistic-filter to /db/data
8/9/12 6:59:21 PM org.neo4j.server.statistic.StatisticStartupListener INFO: adding statistic-filter to /
8/9/12 6:59:21 PM org.neo4j.server.NeoServerWithEmbeddedWebServer INFO: Server started on [http://0.0.0.0:7474/]
8/9/12 7:01:58 PM org.neo4j.server.NeoServerBootstrapper INFO: Neo4j Server shutdown initiated by kill signal
8/9/12 7:01:58 PM org.neo4j.server.statistic.StatisticStartupListener INFO: stopping filter
8/9/12 7:02:03 PM org.neo4j.server.NeoServerWithEmbeddedWebServer INFO: Starting Neo Server on port [7474] with [10] threads available
8/9/12 7:02:03 PM org.neo4j.server.NeoServerWithEmbeddedWebServer INFO: Enabling HTTPS on port [7473]
8/9/12 7:02:03 PM org.neo4j.server.database.Database INFO: Using database at /home/ec2-user/neo4j-community-1.7.2/data/graph.db
8/9/12 7:02:04 PM org.neo4j.server.modules.DiscoveryModule INFO: Mounted discovery module at [/]
8/9/12 7:02:04 PM org.neo4j.server.plugins.PluginManager INFO: Loaded server plugin "CypherPlugin"
8/9/12 7:02:04 PM org.neo4j.server.plugins.PluginManager INFO: Loaded server plugin "GremlinPlugin"
8/9/12 7:02:04 PM org.neo4j.server.modules.RESTApiModule INFO: Mounted REST API at [/db/data/]
8/9/12 7:02:04 PM org.neo4j.server.modules.ManagementApiModule INFO: Mounted management API at [/db/manage/]
8/9/12 7:02:05 PM org.neo4j.server.modules.WebAdminModule INFO: Mounted webadmin at [/webadmin]
8/9/12 7:02:05 PM org.neo4j.server.web.Jetty6WebServer INFO: Mounting static content at [/webadmin] from [webadmin-html]
8/9/12 7:02:08 PM org.neo4j.server.statistic.StatisticStartupListener INFO: adding statistic-filter to /webadmin
8/9/12 7:02:08 PM org.neo4j.server.statistic.StatisticStartupListener INFO: adding statistic-filter to /db/manage
8/9/12 7:02:08 PM org.neo4j.server.statistic.StatisticStartupListener INFO: adding statistic-filter to /db/data
8/9/12 7:02:08 PM org.neo4j.server.statistic.StatisticStartupListener INFO: adding statistic-filter to /
8/9/12 7:02:08 PM org.neo4j.server.NeoServerWithEmbeddedWebServer INFO: Server started on [http://0.0.0.0:7474/]
8/9/12 7:13:16 PM org.neo4j.server.NeoServerBootstrapper INFO: Neo4j Server shutdown initiated by kill signal
8/9/12 7:13:16 PM org.neo4j.server.statistic.StatisticStartupListener INFO: stopping filter
8/9/12 7:13:20 PM org.neo4j.server.NeoServerWithEmbeddedWebServer INFO: Starting Neo Server on port [7474] with [10] threads available
8/9/12 7:13:20 PM org.neo4j.server.NeoServerWithEmbeddedWebServer INFO: Enabling HTTPS on port [7473]
8/9/12 7:13:21 PM org.neo4j.server.database.Database INFO: Using database at /home/ec2-user/neo4j-community-1.7.2/data/graph.db
8/9/12 7:13:22 PM org.neo4j.server.modules.DiscoveryModule INFO: Mounted discovery module at [/]
8/9/12 7:13:22 PM org.neo4j.server.plugins.PluginManager INFO: Loaded server plugin "CypherPlugin"
8/9/12 7:13:22 PM org.neo4j.server.plugins.PluginManager INFO: Loaded server plugin "GremlinPlugin"
8/9/12 7:13:22 PM org.neo4j.server.modules.RESTApiModule INFO: Mounted REST API at [/db/data/]
8/9/12 7:13:22 PM org.neo4j.server.modules.ManagementApiModule INFO: Mounted management API at [/db/manage/]
8/9/12 7:13:22 PM org.neo4j.server.modules.WebAdminModule INFO: Mounted webadmin at [/webadmin]
8/9/12 7:13:22 PM org.neo4j.server.web.Jetty6WebServer INFO: Mounting static content at [/webadmin] from [webadmin-html]
8/9/12 7:13:25 PM org.neo4j.server.statistic.StatisticStartupListener INFO: adding statistic-filter to /webadmin
8/9/12 7:13:25 PM org.neo4j.server.statistic.StatisticStartupListener INFO: adding statistic-filter to /db/manage
8/9/12 7:13:25 PM org.neo4j.server.statistic.StatisticStartupListener INFO: adding statistic-filter to /db/data
8/9/12 7:13:25 PM org.neo4j.server.statistic.StatisticStartupListener INFO: adding statistic-filter to /
8/9/12 7:13:25 PM org.neo4j.server.NeoServerWithEmbeddedWebServer INFO: Server started on [http://0.0.0.0:7474/]
8/9/12 7:15:14 PM org.neo4j.server.NeoServerBootstrapper INFO: Neo4j Server shutdown initiated by kill signal
8/9/12 7:15:14 PM org.neo4j.server.statistic.StatisticStartupListener INFO: stopping filter
8/9/12 7:22:02 PM org.neo4j.server.NeoServerWithEmbeddedWebServer INFO: Starting Neo Server on port [7474] with [10] threads available
8/9/12 7:22:02 PM org.neo4j.server.NeoServerWithEmbeddedWebServer INFO: Enabling HTTPS on port [7473]
8/9/12 7:22:03 PM org.neo4j.server.database.Database INFO: Using database at /home/ec2-user/neo4j-community-1.7.2/data/graph.db
8/9/12 7:22:04 PM org.neo4j.server.modules.DiscoveryModule INFO: Mounted discovery module at [/]
8/9/12 7:22:04 PM org.neo4j.server.plugins.PluginManager INFO: Loaded server plugin "CypherPlugin"
8/9/12 7:22:04 PM org.neo4j.server.plugins.PluginManager INFO: Loaded server plugin "GremlinPlugin"
8/9/12 7:22:04 PM org.neo4j.server.modules.RESTApiModule INFO: Mounted REST API at [/db/data/]
8/9/12 7:22:04 PM org.neo4j.server.modules.ManagementApiModule INFO: Mounted management API at [/db/manage/]
8/9/12 7:22:04 PM org.neo4j.server.modules.WebAdminModule INFO: Mounted webadmin at [/webadmin]
8/9/12 7:22:04 PM org.neo4j.server.web.Jetty6WebServer INFO: Mounting static content at [/webadmin] from [webadmin-html]
8/9/12 7:22:07 PM org.neo4j.server.statistic.StatisticStartupListener INFO: adding statistic-filter to /webadmin
8/9/12 7:22:07 PM org.neo4j.server.statistic.StatisticStartupListener INFO: adding statistic-filter to /db/manage
8/9/12 7:22:07 PM org.neo4j.server.statistic.StatisticStartupListener INFO: adding statistic-filter to /db/data
8/9/12 7:22:07 PM org.neo4j.server.statistic.StatisticStartupListener INFO: adding statistic-filter to /
8/9/12 7:22:07 PM org.neo4j.server.NeoServerWithEmbeddedWebServer INFO: Server started on [http://0.0.0.0:7474/]
8/15/12 4:15:52 PM org.neo4j.server.NeoServerWithEmbeddedWebServer INFO: Starting Neo Server on port [7474] with [10] threads available
8/15/12 4:15:52 PM org.neo4j.server.NeoServerWithEmbeddedWebServer INFO: Enabling HTTPS on port [7473]
8/15/12 4:15:53 PM org.neo4j.server.database.Database INFO: Using database at /home/ec2-user/neo4j-community-1.7.2/data/graph.db
8/15/12 4:15:55 PM org.neo4j.server.modules.DiscoveryModule INFO: Mounted discovery module at [/]
8/15/12 4:15:55 PM org.neo4j.server.plugins.PluginManager INFO: Loaded server plugin "CypherPlugin"
8/15/12 4:15:55 PM org.neo4j.server.plugins.PluginManager INFO: Loaded server plugin "GremlinPlugin"
8/15/12 4:15:55 PM org.neo4j.server.modules.RESTApiModule INFO: Mounted REST API at [/db/data/]
8/15/12 4:15:55 PM org.neo4j.server.modules.ManagementApiModule INFO: Mounted management API at [/db/manage/]
8/15/12 4:15:55 PM org.neo4j.server.modules.WebAdminModule INFO: Mounted webadmin at [/webadmin]
8/15/12 4:15:55 PM org.neo4j.server.web.Jetty6WebServer INFO: Mounting static content at [/webadmin] from [webadmin-html]
8/15/12 4:15:58 PM org.neo4j.server.statistic.StatisticStartupListener INFO: adding statistic-filter to /webadmin
8/15/12 4:15:58 PM org.neo4j.server.statistic.StatisticStartupListener INFO: adding statistic-filter to /db/manage
8/15/12 4:15:58 PM org.neo4j.server.statistic.StatisticStartupListener INFO: adding statistic-filter to /db/data
8/15/12 4:15:58 PM org.neo4j.server.statistic.StatisticStartupListener INFO: adding statistic-filter to /
8/15/12 4:15:58 PM org.neo4j.server.NeoServerWithEmbeddedWebServer INFO: Server started on [http://0.0.0.0:7474/]
