Aug 9, 2012 6:40:17 PM org.neo4j.server.logging.Logger log
INFO: Store files missing, or not in suitable state for upgrade. Leaving this problem for main server process to resolve.
Aug 9, 2012 6:40:17 PM org.neo4j.server.logging.Logger log
INFO: Starting Neo Server on port [7474] with [10] threads available
Aug 9, 2012 6:40:17 PM org.neo4j.server.logging.Logger log
INFO: Enabling HTTPS on port [7473]
Aug 9, 2012 6:40:17 PM org.neo4j.server.logging.Logger log
INFO: No SSL certificate found, generating a self-signed certificate..
Aug 9, 2012 6:40:19 PM org.mortbay.log.Slf4jLog info
INFO: Logging to org.slf4j.impl.JDK14LoggerAdapter(org.mortbay.log) via org.mortbay.log.Slf4jLog
Aug 9, 2012 6:40:19 PM org.neo4j.server.logging.Logger log
INFO: Using database at /home/ec2-user/neo4j-community-1.7.2/data/graph.db
Aug 9, 2012 6:40:20 PM org.neo4j.server.logging.Logger log
INFO: Mounted discovery module at [/]
Aug 9, 2012 6:40:20 PM org.neo4j.server.logging.Logger log
INFO: Loaded server plugin "CypherPlugin"
Aug 9, 2012 6:40:20 PM org.neo4j.server.logging.Logger log
INFO: Loaded server plugin "GremlinPlugin"
Aug 9, 2012 6:40:20 PM org.neo4j.server.logging.Logger log
INFO: Mounted REST API at [/db/data/]
Aug 9, 2012 6:40:20 PM org.neo4j.server.logging.Logger log
INFO: Mounted management API at [/db/manage/]
Aug 9, 2012 6:40:20 PM org.neo4j.server.logging.Logger log
INFO: Mounted webadmin at [/webadmin]
Aug 9, 2012 6:40:20 PM org.neo4j.server.logging.Logger log
INFO: Mounting static content at [/webadmin] from [webadmin-html]
Aug 9, 2012 6:40:20 PM org.mortbay.log.Slf4jLog info
INFO: jetty-6.1.25
Aug 9, 2012 6:40:20 PM org.mortbay.log.Slf4jLog info
INFO: NO JSP Support for /webadmin, did not find org.apache.jasper.servlet.JspServlet
Aug 9, 2012 6:40:21 PM com.sun.jersey.api.core.PackagesResourceConfig init
INFO: Scanning for root resource and provider classes in the packages:
  org.neo4j.server.webadmin.rest
Aug 9, 2012 6:40:21 PM com.sun.jersey.api.core.ScanningResourceConfig logClasses
INFO: Root resource classes found:
  class org.neo4j.server.webadmin.rest.RootService
  class org.neo4j.server.webadmin.rest.JmxService
  class org.neo4j.server.webadmin.rest.MonitorService
  class org.neo4j.server.webadmin.rest.ConsoleService
Aug 9, 2012 6:40:21 PM com.sun.jersey.api.core.ScanningResourceConfig init
INFO: No provider classes found.
Aug 9, 2012 6:40:21 PM com.sun.jersey.server.impl.application.WebApplicationImpl _initiate
INFO: Initiating Jersey application, version 'Jersey: 1.9 09/02/2011 11:17 AM'
Aug 9, 2012 6:40:22 PM com.sun.jersey.api.core.PackagesResourceConfig init
INFO: Scanning for root resource and provider classes in the packages:
  org.neo4j.server.rest.web
Aug 9, 2012 6:40:22 PM com.sun.jersey.api.core.ScanningResourceConfig logClasses
INFO: Root resource classes found:
  class org.neo4j.server.rest.web.DatabaseMetadataService
  class org.neo4j.server.rest.web.BatchOperationService
  class org.neo4j.server.rest.web.CypherService
  class org.neo4j.server.rest.web.ExtensionService
  class org.neo4j.server.rest.web.ResourcesService
  class org.neo4j.server.rest.web.RestfulGraphDatabase
Aug 9, 2012 6:40:22 PM com.sun.jersey.api.core.ScanningResourceConfig logClasses
INFO: Provider classes found:
  class org.neo4j.server.rest.web.DatabaseBlockedExceptionMapper
Aug 9, 2012 6:40:22 PM com.sun.jersey.server.impl.application.WebApplicationImpl _initiate
INFO: Initiating Jersey application, version 'Jersey: 1.9 09/02/2011 11:17 AM'
Aug 9, 2012 6:40:23 PM com.sun.jersey.api.core.PackagesResourceConfig init
INFO: Scanning for root resource and provider classes in the packages:
  org.neo4j.server.rest.discovery
Aug 9, 2012 6:40:23 PM com.sun.jersey.api.core.ScanningResourceConfig logClasses
INFO: Root resource classes found:
  class org.neo4j.server.rest.discovery.DiscoveryService
Aug 9, 2012 6:40:23 PM com.sun.jersey.api.core.ScanningResourceConfig init
INFO: No provider classes found.
Aug 9, 2012 6:40:23 PM com.sun.jersey.server.impl.application.WebApplicationImpl _initiate
INFO: Initiating Jersey application, version 'Jersey: 1.9 09/02/2011 11:17 AM'
Aug 9, 2012 6:40:23 PM org.mortbay.log.Slf4jLog info
INFO: Started SelectChannelConnector@localhost:7474
Aug 9, 2012 6:40:23 PM org.mortbay.log.Slf4jLog info
INFO: Started SslSocketConnector@localhost:7473
Aug 9, 2012 6:40:23 PM org.neo4j.server.logging.Logger log
INFO: adding statistic-filter to /webadmin
Aug 9, 2012 6:40:23 PM org.neo4j.server.logging.Logger log
INFO: adding statistic-filter to /db/manage
Aug 9, 2012 6:40:23 PM org.neo4j.server.logging.Logger log
INFO: adding statistic-filter to /db/data
Aug 9, 2012 6:40:23 PM org.neo4j.server.logging.Logger log
INFO: adding statistic-filter to /
Aug 9, 2012 6:40:23 PM org.neo4j.server.logging.Logger log
INFO: Server started on [http://localhost:7474/]
Aug 9, 2012 6:55:21 PM org.neo4j.server.logging.Logger log
INFO: Starting Neo Server on port [7474] with [10] threads available
Aug 9, 2012 6:55:21 PM org.neo4j.server.logging.Logger log
INFO: Enabling HTTPS on port [7473]
Aug 9, 2012 6:55:22 PM org.mortbay.log.Slf4jLog info
INFO: Logging to org.slf4j.impl.JDK14LoggerAdapter(org.mortbay.log) via org.mortbay.log.Slf4jLog
Aug 9, 2012 6:55:22 PM org.neo4j.server.logging.Logger log
INFO: Using database at /home/ec2-user/neo4j-community-1.7.2/data/graph.db
Aug 9, 2012 6:55:23 PM org.neo4j.server.logging.Logger log
INFO: Mounted discovery module at [/]
Aug 9, 2012 6:55:23 PM org.neo4j.server.logging.Logger log
INFO: Loaded server plugin "CypherPlugin"
Aug 9, 2012 6:55:23 PM org.neo4j.server.logging.Logger log
INFO: Loaded server plugin "GremlinPlugin"
Aug 9, 2012 6:55:23 PM org.neo4j.server.logging.Logger log
INFO: Mounted REST API at [/db/data/]
Aug 9, 2012 6:55:23 PM org.neo4j.server.logging.Logger log
INFO: Mounted management API at [/db/manage/]
Aug 9, 2012 6:55:23 PM org.neo4j.server.logging.Logger log
INFO: Mounted webadmin at [/webadmin]
Aug 9, 2012 6:55:23 PM org.neo4j.server.logging.Logger log
INFO: Mounting static content at [/webadmin] from [webadmin-html]
Aug 9, 2012 6:55:23 PM org.mortbay.log.Slf4jLog info
INFO: jetty-6.1.25
Aug 9, 2012 6:55:24 PM org.mortbay.log.Slf4jLog info
INFO: NO JSP Support for /webadmin, did not find org.apache.jasper.servlet.JspServlet
Aug 9, 2012 6:55:24 PM com.sun.jersey.api.core.PackagesResourceConfig init
INFO: Scanning for root resource and provider classes in the packages:
  org.neo4j.server.webadmin.rest
Aug 9, 2012 6:55:24 PM com.sun.jersey.api.core.ScanningResourceConfig logClasses
INFO: Root resource classes found:
  class org.neo4j.server.webadmin.rest.JmxService
  class org.neo4j.server.webadmin.rest.ConsoleService
  class org.neo4j.server.webadmin.rest.MonitorService
  class org.neo4j.server.webadmin.rest.RootService
Aug 9, 2012 6:55:24 PM com.sun.jersey.api.core.ScanningResourceConfig init
INFO: No provider classes found.
Aug 9, 2012 6:55:25 PM com.sun.jersey.server.impl.application.WebApplicationImpl _initiate
INFO: Initiating Jersey application, version 'Jersey: 1.9 09/02/2011 11:17 AM'
Aug 9, 2012 6:55:26 PM com.sun.jersey.api.core.PackagesResourceConfig init
INFO: Scanning for root resource and provider classes in the packages:
  org.neo4j.server.rest.web
Aug 9, 2012 6:55:26 PM com.sun.jersey.api.core.ScanningResourceConfig logClasses
INFO: Root resource classes found:
  class org.neo4j.server.rest.web.ExtensionService
  class org.neo4j.server.rest.web.BatchOperationService
  class org.neo4j.server.rest.web.DatabaseMetadataService
  class org.neo4j.server.rest.web.CypherService
  class org.neo4j.server.rest.web.ResourcesService
  class org.neo4j.server.rest.web.RestfulGraphDatabase
Aug 9, 2012 6:55:26 PM com.sun.jersey.api.core.ScanningResourceConfig logClasses
INFO: Provider classes found:
  class org.neo4j.server.rest.web.DatabaseBlockedExceptionMapper
Aug 9, 2012 6:55:26 PM com.sun.jersey.server.impl.application.WebApplicationImpl _initiate
INFO: Initiating Jersey application, version 'Jersey: 1.9 09/02/2011 11:17 AM'
Aug 9, 2012 6:55:26 PM com.sun.jersey.api.core.PackagesResourceConfig init
INFO: Scanning for root resource and provider classes in the packages:
  org.neo4j.server.rest.discovery
Aug 9, 2012 6:55:26 PM com.sun.jersey.api.core.ScanningResourceConfig logClasses
INFO: Root resource classes found:
  class org.neo4j.server.rest.discovery.DiscoveryService
Aug 9, 2012 6:55:26 PM com.sun.jersey.api.core.ScanningResourceConfig init
INFO: No provider classes found.
Aug 9, 2012 6:55:26 PM com.sun.jersey.server.impl.application.WebApplicationImpl _initiate
INFO: Initiating Jersey application, version 'Jersey: 1.9 09/02/2011 11:17 AM'
Aug 9, 2012 6:55:26 PM org.mortbay.log.Slf4jLog info
INFO: Started SelectChannelConnector@0.0.0.0:7474
Aug 9, 2012 6:55:27 PM org.mortbay.log.Slf4jLog info
INFO: Started SslSocketConnector@0.0.0.0:7473
Aug 9, 2012 6:55:27 PM org.neo4j.server.logging.Logger log
INFO: adding statistic-filter to /webadmin
Aug 9, 2012 6:55:27 PM org.neo4j.server.logging.Logger log
INFO: adding statistic-filter to /db/manage
Aug 9, 2012 6:55:27 PM org.neo4j.server.logging.Logger log
INFO: adding statistic-filter to /db/data
Aug 9, 2012 6:55:27 PM org.neo4j.server.logging.Logger log
INFO: adding statistic-filter to /
Aug 9, 2012 6:55:27 PM org.neo4j.server.logging.Logger log
INFO: Server started on [http://0.0.0.0:7474/]
Aug 9, 2012 6:56:32 PM java.util.prefs.FileSystemPreferences$2 run
INFO: Created user preferences directory.
Aug 9, 2012 6:59:16 PM org.neo4j.server.logging.Logger log
INFO: Starting Neo Server on port [7474] with [10] threads available
Aug 9, 2012 6:59:16 PM org.neo4j.server.logging.Logger log
INFO: Enabling HTTPS on port [7473]
Aug 9, 2012 6:59:17 PM org.mortbay.log.Slf4jLog info
INFO: Logging to org.slf4j.impl.JDK14LoggerAdapter(org.mortbay.log) via org.mortbay.log.Slf4jLog
Aug 9, 2012 6:59:17 PM org.neo4j.server.logging.Logger log
INFO: Using database at /home/ec2-user/neo4j-community-1.7.2/data/graph.db
Aug 9, 2012 6:59:18 PM org.neo4j.server.logging.Logger log
INFO: Mounted discovery module at [/]
Aug 9, 2012 6:59:18 PM org.neo4j.server.logging.Logger log
INFO: Loaded server plugin "CypherPlugin"
Aug 9, 2012 6:59:18 PM org.neo4j.server.logging.Logger log
INFO: Loaded server plugin "GremlinPlugin"
Aug 9, 2012 6:59:18 PM org.neo4j.server.logging.Logger log
INFO: Mounted REST API at [/db/data/]
Aug 9, 2012 6:59:18 PM org.neo4j.server.logging.Logger log
INFO: Mounted management API at [/db/manage/]
Aug 9, 2012 6:59:18 PM org.neo4j.server.logging.Logger log
INFO: Mounted webadmin at [/webadmin]
Aug 9, 2012 6:59:18 PM org.neo4j.server.logging.Logger log
INFO: Mounting static content at [/webadmin] from [webadmin-html]
Aug 9, 2012 6:59:18 PM org.mortbay.log.Slf4jLog info
INFO: jetty-6.1.25
Aug 9, 2012 6:59:18 PM org.mortbay.log.Slf4jLog info
INFO: NO JSP Support for /webadmin, did not find org.apache.jasper.servlet.JspServlet
Aug 9, 2012 6:59:18 PM com.sun.jersey.api.core.PackagesResourceConfig init
INFO: Scanning for root resource and provider classes in the packages:
  org.neo4j.server.webadmin.rest
Aug 9, 2012 6:59:19 PM com.sun.jersey.api.core.ScanningResourceConfig logClasses
INFO: Root resource classes found:
  class org.neo4j.server.webadmin.rest.MonitorService
  class org.neo4j.server.webadmin.rest.JmxService
  class org.neo4j.server.webadmin.rest.RootService
  class org.neo4j.server.webadmin.rest.ConsoleService
Aug 9, 2012 6:59:19 PM com.sun.jersey.api.core.ScanningResourceConfig init
INFO: No provider classes found.
Aug 9, 2012 6:59:19 PM com.sun.jersey.server.impl.application.WebApplicationImpl _initiate
INFO: Initiating Jersey application, version 'Jersey: 1.9 09/02/2011 11:17 AM'
Aug 9, 2012 6:59:20 PM com.sun.jersey.api.core.PackagesResourceConfig init
INFO: Scanning for root resource and provider classes in the packages:
  org.neo4j.server.rest.web
Aug 9, 2012 6:59:20 PM com.sun.jersey.api.core.ScanningResourceConfig logClasses
INFO: Root resource classes found:
  class org.neo4j.server.rest.web.BatchOperationService
  class org.neo4j.server.rest.web.CypherService
  class org.neo4j.server.rest.web.ExtensionService
  class org.neo4j.server.rest.web.DatabaseMetadataService
  class org.neo4j.server.rest.web.RestfulGraphDatabase
  class org.neo4j.server.rest.web.ResourcesService
Aug 9, 2012 6:59:20 PM com.sun.jersey.api.core.ScanningResourceConfig logClasses
INFO: Provider classes found:
  class org.neo4j.server.rest.web.DatabaseBlockedExceptionMapper
Aug 9, 2012 6:59:20 PM com.sun.jersey.server.impl.application.WebApplicationImpl _initiate
INFO: Initiating Jersey application, version 'Jersey: 1.9 09/02/2011 11:17 AM'
Aug 9, 2012 6:59:21 PM com.sun.jersey.api.core.PackagesResourceConfig init
INFO: Scanning for root resource and provider classes in the packages:
  org.neo4j.server.rest.discovery
Aug 9, 2012 6:59:21 PM com.sun.jersey.api.core.ScanningResourceConfig logClasses
INFO: Root resource classes found:
  class org.neo4j.server.rest.discovery.DiscoveryService
Aug 9, 2012 6:59:21 PM com.sun.jersey.api.core.ScanningResourceConfig init
INFO: No provider classes found.
Aug 9, 2012 6:59:21 PM com.sun.jersey.server.impl.application.WebApplicationImpl _initiate
INFO: Initiating Jersey application, version 'Jersey: 1.9 09/02/2011 11:17 AM'
Aug 9, 2012 6:59:21 PM org.mortbay.log.Slf4jLog info
INFO: Started SelectChannelConnector@0.0.0.0:7474
Aug 9, 2012 6:59:21 PM org.mortbay.log.Slf4jLog info
INFO: Started SslSocketConnector@0.0.0.0:7473
Aug 9, 2012 6:59:21 PM org.neo4j.server.logging.Logger log
INFO: adding statistic-filter to /webadmin
Aug 9, 2012 6:59:21 PM org.neo4j.server.logging.Logger log
INFO: adding statistic-filter to /db/manage
Aug 9, 2012 6:59:21 PM org.neo4j.server.logging.Logger log
INFO: adding statistic-filter to /db/data
Aug 9, 2012 6:59:21 PM org.neo4j.server.logging.Logger log
INFO: adding statistic-filter to /
Aug 9, 2012 6:59:21 PM org.neo4j.server.logging.Logger log
INFO: Server started on [http://0.0.0.0:7474/]
Aug 9, 2012 7:01:58 PM org.neo4j.server.logging.Logger log
INFO: Neo4j Server shutdown initiated by kill signal
Aug 9, 2012 7:01:58 PM org.neo4j.server.logging.Logger log
INFO: stopping filter
Aug 9, 2012 7:01:58 PM org.mortbay.log.Slf4jLog info
INFO: Stopped SslSocketConnector@0.0.0.0:7473
Aug 9, 2012 7:02:03 PM org.neo4j.server.logging.Logger log
INFO: Starting Neo Server on port [7474] with [10] threads available
Aug 9, 2012 7:02:03 PM org.neo4j.server.logging.Logger log
INFO: Enabling HTTPS on port [7473]
Aug 9, 2012 7:02:03 PM org.mortbay.log.Slf4jLog info
INFO: Logging to org.slf4j.impl.JDK14LoggerAdapter(org.mortbay.log) via org.mortbay.log.Slf4jLog
Aug 9, 2012 7:02:03 PM org.neo4j.server.logging.Logger log
INFO: Using database at /home/ec2-user/neo4j-community-1.7.2/data/graph.db
Aug 9, 2012 7:02:04 PM org.neo4j.server.logging.Logger log
INFO: Mounted discovery module at [/]
Aug 9, 2012 7:02:04 PM org.neo4j.server.logging.Logger log
INFO: Loaded server plugin "CypherPlugin"
Aug 9, 2012 7:02:04 PM org.neo4j.server.logging.Logger log
INFO: Loaded server plugin "GremlinPlugin"
Aug 9, 2012 7:02:04 PM org.neo4j.server.logging.Logger log
INFO: Mounted REST API at [/db/data/]
Aug 9, 2012 7:02:04 PM org.neo4j.server.logging.Logger log
INFO: Mounted management API at [/db/manage/]
Aug 9, 2012 7:02:05 PM org.neo4j.server.logging.Logger log
INFO: Mounted webadmin at [/webadmin]
Aug 9, 2012 7:02:05 PM org.neo4j.server.logging.Logger log
INFO: Mounting static content at [/webadmin] from [webadmin-html]
Aug 9, 2012 7:02:05 PM org.mortbay.log.Slf4jLog info
INFO: jetty-6.1.25
Aug 9, 2012 7:02:05 PM org.mortbay.log.Slf4jLog info
INFO: NO JSP Support for /webadmin, did not find org.apache.jasper.servlet.JspServlet
Aug 9, 2012 7:02:05 PM com.sun.jersey.api.core.PackagesResourceConfig init
INFO: Scanning for root resource and provider classes in the packages:
  org.neo4j.server.webadmin.rest
Aug 9, 2012 7:02:06 PM com.sun.jersey.api.core.ScanningResourceConfig logClasses
INFO: Root resource classes found:
  class org.neo4j.server.webadmin.rest.MonitorService
  class org.neo4j.server.webadmin.rest.JmxService
  class org.neo4j.server.webadmin.rest.RootService
  class org.neo4j.server.webadmin.rest.ConsoleService
Aug 9, 2012 7:02:06 PM com.sun.jersey.api.core.ScanningResourceConfig init
INFO: No provider classes found.
Aug 9, 2012 7:02:06 PM com.sun.jersey.server.impl.application.WebApplicationImpl _initiate
INFO: Initiating Jersey application, version 'Jersey: 1.9 09/02/2011 11:17 AM'
Aug 9, 2012 7:02:07 PM com.sun.jersey.api.core.PackagesResourceConfig init
INFO: Scanning for root resource and provider classes in the packages:
  org.neo4j.server.rest.web
Aug 9, 2012 7:02:07 PM com.sun.jersey.api.core.ScanningResourceConfig logClasses
INFO: Root resource classes found:
  class org.neo4j.server.rest.web.DatabaseMetadataService
  class org.neo4j.server.rest.web.RestfulGraphDatabase
  class org.neo4j.server.rest.web.ExtensionService
  class org.neo4j.server.rest.web.CypherService
  class org.neo4j.server.rest.web.BatchOperationService
  class org.neo4j.server.rest.web.ResourcesService
Aug 9, 2012 7:02:07 PM com.sun.jersey.api.core.ScanningResourceConfig logClasses
INFO: Provider classes found:
  class org.neo4j.server.rest.web.DatabaseBlockedExceptionMapper
Aug 9, 2012 7:02:07 PM com.sun.jersey.server.impl.application.WebApplicationImpl _initiate
INFO: Initiating Jersey application, version 'Jersey: 1.9 09/02/2011 11:17 AM'
Aug 9, 2012 7:02:08 PM com.sun.jersey.api.core.PackagesResourceConfig init
INFO: Scanning for root resource and provider classes in the packages:
  org.neo4j.server.rest.discovery
Aug 9, 2012 7:02:08 PM com.sun.jersey.api.core.ScanningResourceConfig logClasses
INFO: Root resource classes found:
  class org.neo4j.server.rest.discovery.DiscoveryService
Aug 9, 2012 7:02:08 PM com.sun.jersey.api.core.ScanningResourceConfig init
INFO: No provider classes found.
Aug 9, 2012 7:02:08 PM com.sun.jersey.server.impl.application.WebApplicationImpl _initiate
INFO: Initiating Jersey application, version 'Jersey: 1.9 09/02/2011 11:17 AM'
Aug 9, 2012 7:02:08 PM org.mortbay.log.Slf4jLog info
INFO: Started SelectChannelConnector@0.0.0.0:7474
Aug 9, 2012 7:02:08 PM org.mortbay.log.Slf4jLog info
INFO: Started SslSocketConnector@0.0.0.0:7473
Aug 9, 2012 7:02:08 PM org.neo4j.server.logging.Logger log
INFO: adding statistic-filter to /webadmin
Aug 9, 2012 7:02:08 PM org.neo4j.server.logging.Logger log
INFO: adding statistic-filter to /db/manage
Aug 9, 2012 7:02:08 PM org.neo4j.server.logging.Logger log
INFO: adding statistic-filter to /db/data
Aug 9, 2012 7:02:08 PM org.neo4j.server.logging.Logger log
INFO: adding statistic-filter to /
Aug 9, 2012 7:02:08 PM org.neo4j.server.logging.Logger log
INFO: Server started on [http://0.0.0.0:7474/]
Aug 9, 2012 7:13:16 PM org.neo4j.server.logging.Logger log
INFO: Neo4j Server shutdown initiated by kill signal
Aug 9, 2012 7:13:16 PM org.neo4j.server.logging.Logger log
INFO: stopping filter
Aug 9, 2012 7:13:16 PM org.mortbay.log.Slf4jLog info
INFO: Stopped SslSocketConnector@0.0.0.0:7473
Aug 9, 2012 7:13:16 PM org.mortbay.log.Slf4jLog info
INFO: Stopped SelectChannelConnector@0.0.0.0:7474
Aug 9, 2012 7:13:20 PM org.neo4j.server.logging.Logger log
INFO: Starting Neo Server on port [7474] with [10] threads available
Aug 9, 2012 7:13:20 PM org.neo4j.server.logging.Logger log
INFO: Enabling HTTPS on port [7473]
Aug 9, 2012 7:13:21 PM org.mortbay.log.Slf4jLog info
INFO: Logging to org.slf4j.impl.JDK14LoggerAdapter(org.mortbay.log) via org.mortbay.log.Slf4jLog
Aug 9, 2012 7:13:21 PM org.neo4j.server.logging.Logger log
INFO: Using database at /home/ec2-user/neo4j-community-1.7.2/data/graph.db
Aug 9, 2012 7:13:22 PM org.neo4j.server.logging.Logger log
INFO: Mounted discovery module at [/]
Aug 9, 2012 7:13:22 PM org.neo4j.server.logging.Logger log
INFO: Loaded server plugin "CypherPlugin"
Aug 9, 2012 7:13:22 PM org.neo4j.server.logging.Logger log
INFO: Loaded server plugin "GremlinPlugin"
Aug 9, 2012 7:13:22 PM org.neo4j.server.logging.Logger log
INFO: Mounted REST API at [/db/data/]
Aug 9, 2012 7:13:22 PM org.neo4j.server.logging.Logger log
INFO: Mounted management API at [/db/manage/]
Aug 9, 2012 7:13:22 PM org.neo4j.server.logging.Logger log
INFO: Mounted webadmin at [/webadmin]
Aug 9, 2012 7:13:22 PM org.neo4j.server.logging.Logger log
INFO: Mounting static content at [/webadmin] from [webadmin-html]
Aug 9, 2012 7:13:22 PM org.mortbay.log.Slf4jLog info
INFO: jetty-6.1.25
Aug 9, 2012 7:13:22 PM org.mortbay.log.Slf4jLog info
INFO: NO JSP Support for /webadmin, did not find org.apache.jasper.servlet.JspServlet
Aug 9, 2012 7:13:23 PM com.sun.jersey.api.core.PackagesResourceConfig init
INFO: Scanning for root resource and provider classes in the packages:
  org.neo4j.server.webadmin.rest
Aug 9, 2012 7:13:23 PM com.sun.jersey.api.core.ScanningResourceConfig logClasses
INFO: Root resource classes found:
  class org.neo4j.server.webadmin.rest.MonitorService
  class org.neo4j.server.webadmin.rest.JmxService
  class org.neo4j.server.webadmin.rest.RootService
  class org.neo4j.server.webadmin.rest.ConsoleService
Aug 9, 2012 7:13:23 PM com.sun.jersey.api.core.ScanningResourceConfig init
INFO: No provider classes found.
Aug 9, 2012 7:13:23 PM com.sun.jersey.server.impl.application.WebApplicationImpl _initiate
INFO: Initiating Jersey application, version 'Jersey: 1.9 09/02/2011 11:17 AM'
Aug 9, 2012 7:13:24 PM com.sun.jersey.api.core.PackagesResourceConfig init
INFO: Scanning for root resource and provider classes in the packages:
  org.neo4j.server.rest.web
Aug 9, 2012 7:13:24 PM com.sun.jersey.api.core.ScanningResourceConfig logClasses
INFO: Root resource classes found:
  class org.neo4j.server.rest.web.BatchOperationService
  class org.neo4j.server.rest.web.CypherService
  class org.neo4j.server.rest.web.ExtensionService
  class org.neo4j.server.rest.web.DatabaseMetadataService
  class org.neo4j.server.rest.web.RestfulGraphDatabase
  class org.neo4j.server.rest.web.ResourcesService
Aug 9, 2012 7:13:24 PM com.sun.jersey.api.core.ScanningResourceConfig logClasses
INFO: Provider classes found:
  class org.neo4j.server.rest.web.DatabaseBlockedExceptionMapper
Aug 9, 2012 7:13:24 PM com.sun.jersey.server.impl.application.WebApplicationImpl _initiate
INFO: Initiating Jersey application, version 'Jersey: 1.9 09/02/2011 11:17 AM'
Aug 9, 2012 7:13:25 PM com.sun.jersey.api.core.PackagesResourceConfig init
INFO: Scanning for root resource and provider classes in the packages:
  org.neo4j.server.rest.discovery
Aug 9, 2012 7:13:25 PM com.sun.jersey.api.core.ScanningResourceConfig logClasses
INFO: Root resource classes found:
  class org.neo4j.server.rest.discovery.DiscoveryService
Aug 9, 2012 7:13:25 PM com.sun.jersey.api.core.ScanningResourceConfig init
INFO: No provider classes found.
Aug 9, 2012 7:13:25 PM com.sun.jersey.server.impl.application.WebApplicationImpl _initiate
INFO: Initiating Jersey application, version 'Jersey: 1.9 09/02/2011 11:17 AM'
Aug 9, 2012 7:13:25 PM org.mortbay.log.Slf4jLog info
INFO: Started SelectChannelConnector@0.0.0.0:7474
Aug 9, 2012 7:13:25 PM org.mortbay.log.Slf4jLog info
INFO: Started SslSocketConnector@0.0.0.0:7473
Aug 9, 2012 7:13:25 PM org.neo4j.server.logging.Logger log
INFO: adding statistic-filter to /webadmin
Aug 9, 2012 7:13:25 PM org.neo4j.server.logging.Logger log
INFO: adding statistic-filter to /db/manage
Aug 9, 2012 7:13:25 PM org.neo4j.server.logging.Logger log
INFO: adding statistic-filter to /db/data
Aug 9, 2012 7:13:25 PM org.neo4j.server.logging.Logger log
INFO: adding statistic-filter to /
Aug 9, 2012 7:13:25 PM org.neo4j.server.logging.Logger log
INFO: Server started on [http://0.0.0.0:7474/]
Aug 9, 2012 7:15:14 PM org.neo4j.server.logging.Logger log
INFO: Neo4j Server shutdown initiated by kill signal
Aug 9, 2012 7:15:14 PM org.neo4j.server.logging.Logger log
INFO: stopping filter
Aug 9, 2012 7:15:14 PM org.mortbay.log.Slf4jLog info
INFO: Stopped SslSocketConnector@0.0.0.0:7473
Aug 9, 2012 7:22:02 PM org.neo4j.server.logging.Logger log
INFO: Starting Neo Server on port [7474] with [10] threads available
Aug 9, 2012 7:22:02 PM org.neo4j.server.logging.Logger log
INFO: Enabling HTTPS on port [7473]
Aug 9, 2012 7:22:03 PM org.mortbay.log.Slf4jLog info
INFO: Logging to org.slf4j.impl.JDK14LoggerAdapter(org.mortbay.log) via org.mortbay.log.Slf4jLog
Aug 9, 2012 7:22:03 PM org.neo4j.server.logging.Logger log
INFO: Using database at /home/ec2-user/neo4j-community-1.7.2/data/graph.db
Aug 9, 2012 7:22:04 PM org.neo4j.server.logging.Logger log
INFO: Mounted discovery module at [/]
Aug 9, 2012 7:22:04 PM org.neo4j.server.logging.Logger log
INFO: Loaded server plugin "CypherPlugin"
Aug 9, 2012 7:22:04 PM org.neo4j.server.logging.Logger log
INFO: Loaded server plugin "GremlinPlugin"
Aug 9, 2012 7:22:04 PM org.neo4j.server.logging.Logger log
INFO: Mounted REST API at [/db/data/]
Aug 9, 2012 7:22:04 PM org.neo4j.server.logging.Logger log
INFO: Mounted management API at [/db/manage/]
Aug 9, 2012 7:22:04 PM org.neo4j.server.logging.Logger log
INFO: Mounted webadmin at [/webadmin]
Aug 9, 2012 7:22:04 PM org.neo4j.server.logging.Logger log
INFO: Mounting static content at [/webadmin] from [webadmin-html]
Aug 9, 2012 7:22:04 PM org.mortbay.log.Slf4jLog info
INFO: jetty-6.1.25
Aug 9, 2012 7:22:05 PM org.mortbay.log.Slf4jLog info
INFO: NO JSP Support for /webadmin, did not find org.apache.jasper.servlet.JspServlet
Aug 9, 2012 7:22:05 PM com.sun.jersey.api.core.PackagesResourceConfig init
INFO: Scanning for root resource and provider classes in the packages:
  org.neo4j.server.webadmin.rest
Aug 9, 2012 7:22:05 PM com.sun.jersey.api.core.ScanningResourceConfig logClasses
INFO: Root resource classes found:
  class org.neo4j.server.webadmin.rest.MonitorService
  class org.neo4j.server.webadmin.rest.ConsoleService
  class org.neo4j.server.webadmin.rest.JmxService
  class org.neo4j.server.webadmin.rest.RootService
Aug 9, 2012 7:22:05 PM com.sun.jersey.api.core.ScanningResourceConfig init
INFO: No provider classes found.
Aug 9, 2012 7:22:06 PM com.sun.jersey.server.impl.application.WebApplicationImpl _initiate
INFO: Initiating Jersey application, version 'Jersey: 1.9 09/02/2011 11:17 AM'
Aug 9, 2012 7:22:06 PM com.sun.jersey.api.core.PackagesResourceConfig init
INFO: Scanning for root resource and provider classes in the packages:
  org.neo4j.server.rest.web
Aug 9, 2012 7:22:06 PM com.sun.jersey.api.core.ScanningResourceConfig logClasses
INFO: Root resource classes found:
  class org.neo4j.server.rest.web.CypherService
  class org.neo4j.server.rest.web.BatchOperationService
  class org.neo4j.server.rest.web.ExtensionService
  class org.neo4j.server.rest.web.DatabaseMetadataService
  class org.neo4j.server.rest.web.ResourcesService
  class org.neo4j.server.rest.web.RestfulGraphDatabase
Aug 9, 2012 7:22:06 PM com.sun.jersey.api.core.ScanningResourceConfig logClasses
INFO: Provider classes found:
  class org.neo4j.server.rest.web.DatabaseBlockedExceptionMapper
Aug 9, 2012 7:22:07 PM com.sun.jersey.server.impl.application.WebApplicationImpl _initiate
INFO: Initiating Jersey application, version 'Jersey: 1.9 09/02/2011 11:17 AM'
Aug 9, 2012 7:22:07 PM com.sun.jersey.api.core.PackagesResourceConfig init
INFO: Scanning for root resource and provider classes in the packages:
  org.neo4j.server.rest.discovery
Aug 9, 2012 7:22:07 PM com.sun.jersey.api.core.ScanningResourceConfig logClasses
INFO: Root resource classes found:
  class org.neo4j.server.rest.discovery.DiscoveryService
Aug 9, 2012 7:22:07 PM com.sun.jersey.api.core.ScanningResourceConfig init
INFO: No provider classes found.
Aug 9, 2012 7:22:07 PM com.sun.jersey.server.impl.application.WebApplicationImpl _initiate
INFO: Initiating Jersey application, version 'Jersey: 1.9 09/02/2011 11:17 AM'
Aug 9, 2012 7:22:07 PM org.mortbay.log.Slf4jLog info
INFO: Started SelectChannelConnector@0.0.0.0:7474
Aug 9, 2012 7:22:07 PM org.mortbay.log.Slf4jLog info
INFO: Started SslSocketConnector@0.0.0.0:7473
Aug 9, 2012 7:22:07 PM org.neo4j.server.logging.Logger log
INFO: adding statistic-filter to /webadmin
Aug 9, 2012 7:22:07 PM org.neo4j.server.logging.Logger log
INFO: adding statistic-filter to /db/manage
Aug 9, 2012 7:22:07 PM org.neo4j.server.logging.Logger log
INFO: adding statistic-filter to /db/data
Aug 9, 2012 7:22:07 PM org.neo4j.server.logging.Logger log
INFO: adding statistic-filter to /
Aug 9, 2012 7:22:07 PM org.neo4j.server.logging.Logger log
INFO: Server started on [http://0.0.0.0:7474/]
Aug 9, 2012 7:42:31 PM com.sun.jersey.spi.container.ContainerResponse mapMappableContainerException
SEVERE: The RuntimeException could not be mapped to a response, re-throwing to the HTTP container
java.lang.ArrayIndexOutOfBoundsException: 1
	at org.neo4j.server.rest.repr.formats.UrlFormFormat.readMap(UrlFormFormat.java:99)
	at org.neo4j.server.rest.web.CypherService.cypher(CypherService.java:58)
	at sun.reflect.NativeMethodAccessorImpl.invoke0(Native Method)
	at sun.reflect.NativeMethodAccessorImpl.invoke(NativeMethodAccessorImpl.java:57)
	at sun.reflect.DelegatingMethodAccessorImpl.invoke(DelegatingMethodAccessorImpl.java:43)
	at java.lang.reflect.Method.invoke(Method.java:616)
	at com.sun.jersey.spi.container.JavaMethodInvokerFactory$1.invoke(JavaMethodInvokerFactory.java:60)
	at com.sun.jersey.server.impl.model.method.dispatch.AbstractResourceMethodDispatchProvider$ResponseOutInvoker._dispatch(AbstractResourceMethodDispatchProvider.java:205)
	at com.sun.jersey.server.impl.model.method.dispatch.ResourceJavaMethodDispatcher.dispatch(ResourceJavaMethodDispatcher.java:75)
	at com.sun.jersey.server.impl.uri.rules.HttpMethodRule.accept(HttpMethodRule.java:288)
	at com.sun.jersey.server.impl.uri.rules.ResourceClassRule.accept(ResourceClassRule.java:108)
	at com.sun.jersey.server.impl.uri.rules.RightHandPathRule.accept(RightHandPathRule.java:147)
	at com.sun.jersey.server.impl.uri.rules.RootResourceClassesRule.accept(RootResourceClassesRule.java:84)
	at com.sun.jersey.server.impl.application.WebApplicationImpl._handleRequest(WebApplicationImpl.java:1469)
	at com.sun.jersey.server.impl.application.WebApplicationImpl._handleRequest(WebApplicationImpl.java:1400)
	at com.sun.jersey.server.impl.application.WebApplicationImpl.handleRequest(WebApplicationImpl.java:1349)
	at com.sun.jersey.server.impl.application.WebApplicationImpl.handleRequest(WebApplicationImpl.java:1339)
	at com.sun.jersey.spi.container.servlet.WebComponent.service(WebComponent.java:416)
	at com.sun.jersey.spi.container.servlet.ServletContainer.service(ServletContainer.java:537)
	at com.sun.jersey.spi.container.servlet.ServletContainer.service(ServletContainer.java:699)
	at javax.servlet.http.HttpServlet.service(HttpServlet.java:820)
	at org.mortbay.jetty.servlet.ServletHolder.handle(ServletHolder.java:511)
	at org.mortbay.jetty.servlet.ServletHandler$CachedChain.doFilter(ServletHandler.java:1166)
	at org.neo4j.server.statistic.StatisticFilter.doFilter(StatisticFilter.java:62)
	at org.mortbay.jetty.servlet.ServletHandler$CachedChain.doFilter(ServletHandler.java:1157)
	at org.mortbay.jetty.servlet.ServletHandler.handle(ServletHandler.java:388)
	at org.mortbay.jetty.servlet.SessionHandler.handle(SessionHandler.java:182)
	at org.mortbay.jetty.handler.ContextHandler.handle(ContextHandler.java:765)
	at org.mortbay.jetty.handler.HandlerCollection.handle(HandlerCollection.java:114)
	at org.mortbay.jetty.handler.HandlerWrapper.handle(HandlerWrapper.java:152)
	at org.mortbay.jetty.Server.handle(Server.java:326)
	at org.mortbay.jetty.HttpConnection.handleRequest(HttpConnection.java:542)
	at org.mortbay.jetty.HttpConnection$RequestHandler.content(HttpConnection.java:943)
	at org.mortbay.jetty.HttpParser.parseNext(HttpParser.java:756)
	at org.mortbay.jetty.HttpParser.parseAvailable(HttpParser.java:218)
	at org.mortbay.jetty.HttpConnection.handle(HttpConnection.java:404)
	at org.mortbay.io.nio.SelectChannelEndPoint.run(SelectChannelEndPoint.java:410)
	at org.mortbay.thread.QueuedThreadPool$PoolThread.run(QueuedThreadPool.java:582)
Aug 9, 2012 7:42:31 PM org.mortbay.log.Slf4jLog warn
SEVERE: /db/data/cypher
java.lang.ArrayIndexOutOfBoundsException: 1
	at org.neo4j.server.rest.repr.formats.UrlFormFormat.readMap(UrlFormFormat.java:99)
	at org.neo4j.server.rest.web.CypherService.cypher(CypherService.java:58)
	at sun.reflect.NativeMethodAccessorImpl.invoke0(Native Method)
	at sun.reflect.NativeMethodAccessorImpl.invoke(NativeMethodAccessorImpl.java:57)
	at sun.reflect.DelegatingMethodAccessorImpl.invoke(DelegatingMethodAccessorImpl.java:43)
	at java.lang.reflect.Method.invoke(Method.java:616)
	at com.sun.jersey.spi.container.JavaMethodInvokerFactory$1.invoke(JavaMethodInvokerFactory.java:60)
	at com.sun.jersey.server.impl.model.method.dispatch.AbstractResourceMethodDispatchProvider$ResponseOutInvoker._dispatch(AbstractResourceMethodDispatchProvider.java:205)
	at com.sun.jersey.server.impl.model.method.dispatch.ResourceJavaMethodDispatcher.dispatch(ResourceJavaMethodDispatcher.java:75)
	at com.sun.jersey.server.impl.uri.rules.HttpMethodRule.accept(HttpMethodRule.java:288)
	at com.sun.jersey.server.impl.uri.rules.ResourceClassRule.accept(ResourceClassRule.java:108)
	at com.sun.jersey.server.impl.uri.rules.RightHandPathRule.accept(RightHandPathRule.java:147)
	at com.sun.jersey.server.impl.uri.rules.RootResourceClassesRule.accept(RootResourceClassesRule.java:84)
	at com.sun.jersey.server.impl.application.WebApplicationImpl._handleRequest(WebApplicationImpl.java:1469)
	at com.sun.jersey.server.impl.application.WebApplicationImpl._handleRequest(WebApplicationImpl.java:1400)
	at com.sun.jersey.server.impl.application.WebApplicationImpl.handleRequest(WebApplicationImpl.java:1349)
	at com.sun.jersey.server.impl.application.WebApplicationImpl.handleRequest(WebApplicationImpl.java:1339)
	at com.sun.jersey.spi.container.servlet.WebComponent.service(WebComponent.java:416)
	at com.sun.jersey.spi.container.servlet.ServletContainer.service(ServletContainer.java:537)
	at com.sun.jersey.spi.container.servlet.ServletContainer.service(ServletContainer.java:699)
	at javax.servlet.http.HttpServlet.service(HttpServlet.java:820)
	at org.mortbay.jetty.servlet.ServletHolder.handle(ServletHolder.java:511)
	at org.mortbay.jetty.servlet.ServletHandler$CachedChain.doFilter(ServletHandler.java:1166)
	at org.neo4j.server.statistic.StatisticFilter.doFilter(StatisticFilter.java:62)
	at org.mortbay.jetty.servlet.ServletHandler$CachedChain.doFilter(ServletHandler.java:1157)
	at org.mortbay.jetty.servlet.ServletHandler.handle(ServletHandler.java:388)
	at org.mortbay.jetty.servlet.SessionHandler.handle(SessionHandler.java:182)
	at org.mortbay.jetty.handler.ContextHandler.handle(ContextHandler.java:765)
	at org.mortbay.jetty.handler.HandlerCollection.handle(HandlerCollection.java:114)
	at org.mortbay.jetty.handler.HandlerWrapper.handle(HandlerWrapper.java:152)
	at org.mortbay.jetty.Server.handle(Server.java:326)
	at org.mortbay.jetty.HttpConnection.handleRequest(HttpConnection.java:542)
	at org.mortbay.jetty.HttpConnection$RequestHandler.content(HttpConnection.java:943)
	at org.mortbay.jetty.HttpParser.parseNext(HttpParser.java:756)
	at org.mortbay.jetty.HttpParser.parseAvailable(HttpParser.java:218)
	at org.mortbay.jetty.HttpConnection.handle(HttpConnection.java:404)
	at org.mortbay.io.nio.SelectChannelEndPoint.run(SelectChannelEndPoint.java:410)
	at org.mortbay.thread.QueuedThreadPool$PoolThread.run(QueuedThreadPool.java:582)
Aug 9, 2012 7:45:41 PM com.sun.jersey.spi.container.ContainerResponse mapMappableContainerException
SEVERE: The RuntimeException could not be mapped to a response, re-throwing to the HTTP container
java.lang.ArrayIndexOutOfBoundsException: 1
	at org.neo4j.server.rest.repr.formats.UrlFormFormat.readMap(UrlFormFormat.java:99)
	at org.neo4j.server.rest.web.CypherService.cypher(CypherService.java:58)
	at sun.reflect.NativeMethodAccessorImpl.invoke0(Native Method)
	at sun.reflect.NativeMethodAccessorImpl.invoke(NativeMethodAccessorImpl.java:57)
	at sun.reflect.DelegatingMethodAccessorImpl.invoke(DelegatingMethodAccessorImpl.java:43)
	at java.lang.reflect.Method.invoke(Method.java:616)
	at com.sun.jersey.spi.container.JavaMethodInvokerFactory$1.invoke(JavaMethodInvokerFactory.java:60)
	at com.sun.jersey.server.impl.model.method.dispatch.AbstractResourceMethodDispatchProvider$ResponseOutInvoker._dispatch(AbstractResourceMethodDispatchProvider.java:205)
	at com.sun.jersey.server.impl.model.method.dispatch.ResourceJavaMethodDispatcher.dispatch(ResourceJavaMethodDispatcher.java:75)
	at com.sun.jersey.server.impl.uri.rules.HttpMethodRule.accept(HttpMethodRule.java:288)
	at com.sun.jersey.server.impl.uri.rules.ResourceClassRule.accept(ResourceClassRule.java:108)
	at com.sun.jersey.server.impl.uri.rules.RightHandPathRule.accept(RightHandPathRule.java:147)
	at com.sun.jersey.server.impl.uri.rules.RootResourceClassesRule.accept(RootResourceClassesRule.java:84)
	at com.sun.jersey.server.impl.application.WebApplicationImpl._handleRequest(WebApplicationImpl.java:1469)
	at com.sun.jersey.server.impl.application.WebApplicationImpl._handleRequest(WebApplicationImpl.java:1400)
	at com.sun.jersey.server.impl.application.WebApplicationImpl.handleRequest(WebApplicationImpl.java:1349)
	at com.sun.jersey.server.impl.application.WebApplicationImpl.handleRequest(WebApplicationImpl.java:1339)
	at com.sun.jersey.spi.container.servlet.WebComponent.service(WebComponent.java:416)
	at com.sun.jersey.spi.container.servlet.ServletContainer.service(ServletContainer.java:537)
	at com.sun.jersey.spi.container.servlet.ServletContainer.service(ServletContainer.java:699)
	at javax.servlet.http.HttpServlet.service(HttpServlet.java:820)
	at org.mortbay.jetty.servlet.ServletHolder.handle(ServletHolder.java:511)
	at org.mortbay.jetty.servlet.ServletHandler$CachedChain.doFilter(ServletHandler.java:1166)
	at org.neo4j.server.statistic.StatisticFilter.doFilter(StatisticFilter.java:62)
	at org.mortbay.jetty.servlet.ServletHandler$CachedChain.doFilter(ServletHandler.java:1157)
	at org.mortbay.jetty.servlet.ServletHandler.handle(ServletHandler.java:388)
	at org.mortbay.jetty.servlet.SessionHandler.handle(SessionHandler.java:182)
	at org.mortbay.jetty.handler.ContextHandler.handle(ContextHandler.java:765)
	at org.mortbay.jetty.handler.HandlerCollection.handle(HandlerCollection.java:114)
	at org.mortbay.jetty.handler.HandlerWrapper.handle(HandlerWrapper.java:152)
	at org.mortbay.jetty.Server.handle(Server.java:326)
	at org.mortbay.jetty.HttpConnection.handleRequest(HttpConnection.java:542)
	at org.mortbay.jetty.HttpConnection$RequestHandler.content(HttpConnection.java:943)
	at org.mortbay.jetty.HttpParser.parseNext(HttpParser.java:756)
	at org.mortbay.jetty.HttpParser.parseAvailable(HttpParser.java:218)
	at org.mortbay.jetty.HttpConnection.handle(HttpConnection.java:404)
	at org.mortbay.io.nio.SelectChannelEndPoint.run(SelectChannelEndPoint.java:410)
	at org.mortbay.thread.QueuedThreadPool$PoolThread.run(QueuedThreadPool.java:582)
Aug 9, 2012 7:45:41 PM org.mortbay.log.Slf4jLog warn
SEVERE: /db/data/cypher
java.lang.ArrayIndexOutOfBoundsException: 1
	at org.neo4j.server.rest.repr.formats.UrlFormFormat.readMap(UrlFormFormat.java:99)
	at org.neo4j.server.rest.web.CypherService.cypher(CypherService.java:58)
	at sun.reflect.NativeMethodAccessorImpl.invoke0(Native Method)
	at sun.reflect.NativeMethodAccessorImpl.invoke(NativeMethodAccessorImpl.java:57)
	at sun.reflect.DelegatingMethodAccessorImpl.invoke(DelegatingMethodAccessorImpl.java:43)
	at java.lang.reflect.Method.invoke(Method.java:616)
	at com.sun.jersey.spi.container.JavaMethodInvokerFactory$1.invoke(JavaMethodInvokerFactory.java:60)
	at com.sun.jersey.server.impl.model.method.dispatch.AbstractResourceMethodDispatchProvider$ResponseOutInvoker._dispatch(AbstractResourceMethodDispatchProvider.java:205)
	at com.sun.jersey.server.impl.model.method.dispatch.ResourceJavaMethodDispatcher.dispatch(ResourceJavaMethodDispatcher.java:75)
	at com.sun.jersey.server.impl.uri.rules.HttpMethodRule.accept(HttpMethodRule.java:288)
	at com.sun.jersey.server.impl.uri.rules.ResourceClassRule.accept(ResourceClassRule.java:108)
	at com.sun.jersey.server.impl.uri.rules.RightHandPathRule.accept(RightHandPathRule.java:147)
	at com.sun.jersey.server.impl.uri.rules.RootResourceClassesRule.accept(RootResourceClassesRule.java:84)
	at com.sun.jersey.server.impl.application.WebApplicationImpl._handleRequest(WebApplicationImpl.java:1469)
	at com.sun.jersey.server.impl.application.WebApplicationImpl._handleRequest(WebApplicationImpl.java:1400)
	at com.sun.jersey.server.impl.application.WebApplicationImpl.handleRequest(WebApplicationImpl.java:1349)
	at com.sun.jersey.server.impl.application.WebApplicationImpl.handleRequest(WebApplicationImpl.java:1339)
	at com.sun.jersey.spi.container.servlet.WebComponent.service(WebComponent.java:416)
	at com.sun.jersey.spi.container.servlet.ServletContainer.service(ServletContainer.java:537)
	at com.sun.jersey.spi.container.servlet.ServletContainer.service(ServletContainer.java:699)
	at javax.servlet.http.HttpServlet.service(HttpServlet.java:820)
	at org.mortbay.jetty.servlet.ServletHolder.handle(ServletHolder.java:511)
	at org.mortbay.jetty.servlet.ServletHandler$CachedChain.doFilter(ServletHandler.java:1166)
	at org.neo4j.server.statistic.StatisticFilter.doFilter(StatisticFilter.java:62)
	at org.mortbay.jetty.servlet.ServletHandler$CachedChain.doFilter(ServletHandler.java:1157)
	at org.mortbay.jetty.servlet.ServletHandler.handle(ServletHandler.java:388)
	at org.mortbay.jetty.servlet.SessionHandler.handle(SessionHandler.java:182)
	at org.mortbay.jetty.handler.ContextHandler.handle(ContextHandler.java:765)
	at org.mortbay.jetty.handler.HandlerCollection.handle(HandlerCollection.java:114)
	at org.mortbay.jetty.handler.HandlerWrapper.handle(HandlerWrapper.java:152)
	at org.mortbay.jetty.Server.handle(Server.java:326)
	at org.mortbay.jetty.HttpConnection.handleRequest(HttpConnection.java:542)
	at org.mortbay.jetty.HttpConnection$RequestHandler.content(HttpConnection.java:943)
	at org.mortbay.jetty.HttpParser.parseNext(HttpParser.java:756)
	at org.mortbay.jetty.HttpParser.parseAvailable(HttpParser.java:218)
	at org.mortbay.jetty.HttpConnection.handle(HttpConnection.java:404)
	at org.mortbay.io.nio.SelectChannelEndPoint.run(SelectChannelEndPoint.java:410)
	at org.mortbay.thread.QueuedThreadPool$PoolThread.run(QueuedThreadPool.java:582)
Aug 15, 2012 4:15:51 PM org.neo4j.server.logging.Logger log
INFO: Store files missing, or not in suitable state for upgrade. Leaving this problem for main server process to resolve.
Aug 15, 2012 4:15:52 PM org.neo4j.server.logging.Logger log
INFO: Starting Neo Server on port [7474] with [10] threads available
Aug 15, 2012 4:15:52 PM org.neo4j.server.logging.Logger log
INFO: Enabling HTTPS on port [7473]
Aug 15, 2012 4:15:53 PM org.mortbay.log.Slf4jLog info
INFO: Logging to org.slf4j.impl.JDK14LoggerAdapter(org.mortbay.log) via org.mortbay.log.Slf4jLog
Aug 15, 2012 4:15:53 PM org.neo4j.server.logging.Logger log
INFO: Using database at /home/ec2-user/neo4j-community-1.7.2/data/graph.db
Aug 15, 2012 4:15:53 PM org.neo4j.kernel.impl.transaction.xaframework.XaLogicalLog doInternalRecovery
INFO: Non clean shutdown detected on log [/home/ec2-user/neo4j-community-1.7.2/data/graph.db/nioneo_logical.log.1]. Recovery started ...
Aug 15, 2012 4:15:54 PM org.neo4j.kernel.impl.transaction.xaframework.XaLogicalLog doInternalRecovery
INFO: Non clean shutdown detected on log [/home/ec2-user/neo4j-community-1.7.2/data/graph.db/index/lucene.log.1]. Recovery started ...
Aug 15, 2012 4:15:55 PM org.neo4j.server.logging.Logger log
INFO: Mounted discovery module at [/]
Aug 15, 2012 4:15:55 PM org.neo4j.server.logging.Logger log
INFO: Loaded server plugin "CypherPlugin"
Aug 15, 2012 4:15:55 PM org.neo4j.server.logging.Logger log
INFO: Loaded server plugin "GremlinPlugin"
Aug 15, 2012 4:15:55 PM org.neo4j.server.logging.Logger log
INFO: Mounted REST API at [/db/data/]
Aug 15, 2012 4:15:55 PM org.neo4j.server.logging.Logger log
INFO: Mounted management API at [/db/manage/]
Aug 15, 2012 4:15:55 PM org.neo4j.server.logging.Logger log
INFO: Mounted webadmin at [/webadmin]
Aug 15, 2012 4:15:55 PM org.neo4j.server.logging.Logger log
INFO: Mounting static content at [/webadmin] from [webadmin-html]
Aug 15, 2012 4:15:55 PM org.mortbay.log.Slf4jLog info
INFO: jetty-6.1.25
Aug 15, 2012 4:15:55 PM org.mortbay.log.Slf4jLog info
INFO: NO JSP Support for /webadmin, did not find org.apache.jasper.servlet.JspServlet
Aug 15, 2012 4:15:56 PM com.sun.jersey.api.core.PackagesResourceConfig init
INFO: Scanning for root resource and provider classes in the packages:
  org.neo4j.server.webadmin.rest
Aug 15, 2012 4:15:56 PM com.sun.jersey.api.core.ScanningResourceConfig logClasses
INFO: Root resource classes found:
  class org.neo4j.server.webadmin.rest.ConsoleService
  class org.neo4j.server.webadmin.rest.RootService
  class org.neo4j.server.webadmin.rest.MonitorService
  class org.neo4j.server.webadmin.rest.JmxService
Aug 15, 2012 4:15:56 PM com.sun.jersey.api.core.ScanningResourceConfig init
INFO: No provider classes found.
Aug 15, 2012 4:15:56 PM com.sun.jersey.server.impl.application.WebApplicationImpl _initiate
INFO: Initiating Jersey application, version 'Jersey: 1.9 09/02/2011 11:17 AM'
Aug 15, 2012 4:15:57 PM com.sun.jersey.api.core.PackagesResourceConfig init
INFO: Scanning for root resource and provider classes in the packages:
  org.neo4j.server.rest.web
Aug 15, 2012 4:15:57 PM com.sun.jersey.api.core.ScanningResourceConfig logClasses
INFO: Root resource classes found:
  class org.neo4j.server.rest.web.CypherService
  class org.neo4j.server.rest.web.RestfulGraphDatabase
  class org.neo4j.server.rest.web.ResourcesService
  class org.neo4j.server.rest.web.BatchOperationService
  class org.neo4j.server.rest.web.DatabaseMetadataService
  class org.neo4j.server.rest.web.ExtensionService
Aug 15, 2012 4:15:57 PM com.sun.jersey.api.core.ScanningResourceConfig logClasses
INFO: Provider classes found:
  class org.neo4j.server.rest.web.DatabaseBlockedExceptionMapper
Aug 15, 2012 4:15:57 PM com.sun.jersey.server.impl.application.WebApplicationImpl _initiate
INFO: Initiating Jersey application, version 'Jersey: 1.9 09/02/2011 11:17 AM'
Aug 15, 2012 4:15:58 PM com.sun.jersey.api.core.PackagesResourceConfig init
INFO: Scanning for root resource and provider classes in the packages:
  org.neo4j.server.rest.discovery
Aug 15, 2012 4:15:58 PM com.sun.jersey.api.core.ScanningResourceConfig logClasses
INFO: Root resource classes found:
  class org.neo4j.server.rest.discovery.DiscoveryService
Aug 15, 2012 4:15:58 PM com.sun.jersey.api.core.ScanningResourceConfig init
INFO: No provider classes found.
Aug 15, 2012 4:15:58 PM com.sun.jersey.server.impl.application.WebApplicationImpl _initiate
INFO: Initiating Jersey application, version 'Jersey: 1.9 09/02/2011 11:17 AM'
Aug 15, 2012 4:15:58 PM org.mortbay.log.Slf4jLog info
INFO: Started SelectChannelConnector@0.0.0.0:7474
Aug 15, 2012 4:15:58 PM org.mortbay.log.Slf4jLog info
INFO: Started SslSocketConnector@0.0.0.0:7473
Aug 15, 2012 4:15:58 PM org.neo4j.server.logging.Logger log
INFO: adding statistic-filter to /webadmin
Aug 15, 2012 4:15:58 PM org.neo4j.server.logging.Logger log
INFO: adding statistic-filter to /db/manage
Aug 15, 2012 4:15:58 PM org.neo4j.server.logging.Logger log
INFO: adding statistic-filter to /db/data
Aug 15, 2012 4:15:58 PM org.neo4j.server.logging.Logger log
INFO: adding statistic-filter to /
Aug 15, 2012 4:15:58 PM org.neo4j.server.logging.Logger log
INFO: Server started on [http://0.0.0.0:7474/]
